Command line:
   fk_1_isim_beh.exe
     -simmode  gui
     -simrunnum  0
     -socket  56853

Tue Oct 20 00:04:24 2020


 Elaboration Time: 0.0625 sec

 Current Memory Usage: 4678.91 Meg

 Total Signals          : 52
 Total Nets             : 34
 Total Signal Drivers   : 5
 Total Blocks           : 9
 Total Primitive Blocks : 8
 Total Processes        : 5
 Total Traceable Variables  : 13
 Total Scalar Nets and Variables : 517
Total Line Count : 5

 Total Simulation Time: 0.4375 sec

 Current Memory Usage: 4678.91 Meg

Tue Oct 20 00:04:53 2020

