ISim log file
Running: D:\Xilinx_programy\Gray_adder\gray_schemat_gray_schemat_sch_tb_isim_beh.exe -intstyle ise -gui -tclbatch isim.cmd -wdb D:/Xilinx_programy/Gray_adder/gray_schemat_gray_schemat_sch_tb_isim_beh.wdb 
ISim P.20131013 (signature 0x7708f090)
WARNING: A WEBPACK license was found.
WARNING: Please use Xilinx License Configuration Manager to check out a full ISim license.
WARNING: ISim will run in Lite mode. Please refer to the ISim documentation for more information on the differences between the Lite and the Full version.
This is a Lite version of ISim.
Time resolution is 1 ps
# onerror resume
# wave add /
# run 1000 ns
Simulator is doing circuit initialization process.
at 0 ps, Instance /gray_schemat_gray_schemat_sch_tb/UUT/XLXI_1/ : Warning: There is an 'U'|'X'|'W'|'Z'|'-' in an arithmetic operand, the result will be 'X'(es).
at 0 ps, Instance /gray_schemat_gray_schemat_sch_tb/UUT/XLXI_1/ : Warning: CONV_INTEGER: There is an 'U'|'X'|'W'|'Z'|'-' in an arithmetic operand, and it has been converted to 0.
at 0 ps, Instance /gray_schemat_gray_schemat_sch_tb/UUT/XLXI_1/ : Warning: CONV_INTEGER: There is an 'U'|'X'|'W'|'Z'|'-' in an arithmetic operand, and it has been converted to 0.
at 0 ps, Instance /gray_schemat_gray_schemat_sch_tb/UUT/XLXI_1/ : Warning: CONV_INTEGER: There is an 'U'|'X'|'W'|'Z'|'-' in an arithmetic operand, and it has been converted to 0.
Finished circuit initialization process.
at 0 ps, Instance /gray_schemat_gray_schemat_sch_tb/UUT/XLXI_1/ : Warning: CONV_INTEGER: There is an 'U'|'X'|'W'|'Z'|'-' in an arithmetic operand, and it has been converted to 0.
at 0 ps, Instance /gray_schemat_gray_schemat_sch_tb/UUT/XLXI_1/ : Warning: CONV_INTEGER: There is an 'U'|'X'|'W'|'Z'|'-' in an arithmetic operand, and it has been converted to 0.
at 0 ps, Instance /gray_schemat_gray_schemat_sch_tb/UUT/XLXI_1/ : Warning: CONV_INTEGER: There is an 'U'|'X'|'W'|'Z'|'-' in an arithmetic operand, and it has been converted to 0.
at 0 ps, Instance /gray_schemat_gray_schemat_sch_tb/UUT/XLXI_1/ : Warning: CONV_INTEGER: There is an 'U'|'X'|'W'|'Z'|'-' in an arithmetic operand, and it has been converted to 0.
at 0 ps, Instance /gray_schemat_gray_schemat_sch_tb/UUT/XLXI_1/ : Warning: CONV_INTEGER: There is an 'U'|'X'|'W'|'Z'|'-' in an arithmetic operand, and it has been converted to 0.
at 0 ps, Instance /gray_schemat_gray_schemat_sch_tb/UUT/XLXI_1/ : Warning: CONV_INTEGER: There is an 'U'|'X'|'W'|'Z'|'-' in an arithmetic operand, and it has been converted to 0.
at 0 ps, Instance /gray_schemat_gray_schemat_sch_tb/UUT/XLXI_1/ : Warning: CONV_INTEGER: There is an 'U'|'X'|'W'|'Z'|'-' in an arithmetic operand, and it has been converted to 0.
at 20 ns, Instance /gray_schemat_gray_schemat_sch_tb/UUT/XLXI_1/ : Warning: CONV_INTEGER: There is an 'U'|'X'|'W'|'Z'|'-' in an arithmetic operand, and it has been converted to 0.
at 20 ns(1), Instance /gray_schemat_gray_schemat_sch_tb/UUT/XLXI_1/ : Warning: CONV_INTEGER: There is an 'U'|'X'|'W'|'Z'|'-' in an arithmetic operand, and it has been converted to 0.
at 20 ns(2), Instance /gray_schemat_gray_schemat_sch_tb/UUT/XLXI_1/ : Warning: CONV_INTEGER: There is an 'U'|'X'|'W'|'Z'|'-' in an arithmetic operand, and it has been converted to 0.
at 20 ns(3), Instance /gray_schemat_gray_schemat_sch_tb/UUT/XLXI_1/ : Warning: CONV_INTEGER: There is an 'U'|'X'|'W'|'Z'|'-' in an arithmetic operand, and it has been converted to 0.
at 25 ns(1), Instance /gray_schemat_gray_schemat_sch_tb/UUT/XLXI_1/ : Warning: CONV_INTEGER: There is an 'U'|'X'|'W'|'Z'|'-' in an arithmetic operand, and it has been converted to 0.
at 25 ns(2), Instance /gray_schemat_gray_schemat_sch_tb/UUT/XLXI_1/ : Warning: CONV_INTEGER: There is an 'U'|'X'|'W'|'Z'|'-' in an arithmetic operand, and it has been converted to 0.
at 25 ns(3), Instance /gray_schemat_gray_schemat_sch_tb/UUT/XLXI_1/ : Warning: CONV_INTEGER: There is an 'U'|'X'|'W'|'Z'|'-' in an arithmetic operand, and it has been converted to 0.
at 30 ns(1), Instance /gray_schemat_gray_schemat_sch_tb/UUT/XLXI_1/ : Warning: CONV_INTEGER: There is an 'U'|'X'|'W'|'Z'|'-' in an arithmetic operand, and it has been converted to 0.
at 30 ns(2), Instance /gray_schemat_gray_schemat_sch_tb/UUT/XLXI_1/ : Warning: CONV_INTEGER: There is an 'U'|'X'|'W'|'Z'|'-' in an arithmetic operand, and it has been converted to 0.
at 35 ns(1), Instance /gray_schemat_gray_schemat_sch_tb/UUT/XLXI_1/ : Warning: CONV_INTEGER: There is an 'U'|'X'|'W'|'Z'|'-' in an arithmetic operand, and it has been converted to 0.
at 40 ns, Instance /gray_schemat_gray_schemat_sch_tb/UUT/XLXI_1/ : Warning: CONV_INTEGER: There is an 'U'|'X'|'W'|'Z'|'-' in an arithmetic operand, and it has been converted to 0.
at 40 ns(1), Instance /gray_schemat_gray_schemat_sch_tb/UUT/XLXI_1/ : Warning: CONV_INTEGER: There is an 'U'|'X'|'W'|'Z'|'-' in an arithmetic operand, and it has been converted to 0.
at 40 ns(2), Instance /gray_schemat_gray_schemat_sch_tb/UUT/XLXI_1/ : Warning: CONV_INTEGER: There is an 'U'|'X'|'W'|'Z'|'-' in an arithmetic operand, and it has been converted to 0.
at 40 ns(3), Instance /gray_schemat_gray_schemat_sch_tb/UUT/XLXI_1/ : Warning: CONV_INTEGER: There is an 'U'|'X'|'W'|'Z'|'-' in an arithmetic operand, and it has been converted to 0.
at 45 ns(1), Instance /gray_schemat_gray_schemat_sch_tb/UUT/XLXI_1/ : Warning: CONV_INTEGER: There is an 'U'|'X'|'W'|'Z'|'-' in an arithmetic operand, and it has been converted to 0.
at 45 ns(2), Instance /gray_schemat_gray_schemat_sch_tb/UUT/XLXI_1/ : Warning: CONV_INTEGER: There is an 'U'|'X'|'W'|'Z'|'-' in an arithmetic operand, and it has been converted to 0.
at 45 ns(3), Instance /gray_schemat_gray_schemat_sch_tb/UUT/XLXI_1/ : Warning: CONV_INTEGER: There is an 'U'|'X'|'W'|'Z'|'-' in an arithmetic operand, and it has been converted to 0.
at 50 ns(1), Instance /gray_schemat_gray_schemat_sch_tb/UUT/XLXI_1/ : Warning: CONV_INTEGER: There is an 'U'|'X'|'W'|'Z'|'-' in an arithmetic operand, and it has been converted to 0.
at 50 ns(2), Instance /gray_schemat_gray_schemat_sch_tb/UUT/XLXI_1/ : Warning: CONV_INTEGER: There is an 'U'|'X'|'W'|'Z'|'-' in an arithmetic operand, and it has been converted to 0.
at 50 ns(3), Instance /gray_schemat_gray_schemat_sch_tb/UUT/XLXI_1/ : Warning: CONV_INTEGER: There is an 'U'|'X'|'W'|'Z'|'-' in an arithmetic operand, and it has been converted to 0.
at 55 ns(1), Instance /gray_schemat_gray_schemat_sch_tb/UUT/XLXI_1/ : Warning: CONV_INTEGER: There is an 'U'|'X'|'W'|'Z'|'-' in an arithmetic operand, and it has been converted to 0.
at 60 ns, Instance /gray_schemat_gray_schemat_sch_tb/UUT/XLXI_1/ : Warning: CONV_INTEGER: There is an 'U'|'X'|'W'|'Z'|'-' in an arithmetic operand, and it has been converted to 0.
at 60 ns(1), Instance /gray_schemat_gray_schemat_sch_tb/UUT/XLXI_1/ : Warning: CONV_INTEGER: There is an 'U'|'X'|'W'|'Z'|'-' in an arithmetic operand, and it has been converted to 0.
at 60 ns(2), Instance /gray_schemat_gray_schemat_sch_tb/UUT/XLXI_1/ : Warning: CONV_INTEGER: There is an 'U'|'X'|'W'|'Z'|'-' in an arithmetic operand, and it has been converted to 0.
at 60 ns(3), Instance /gray_schemat_gray_schemat_sch_tb/UUT/XLXI_1/ : Warning: CONV_INTEGER: There is an 'U'|'X'|'W'|'Z'|'-' in an arithmetic operand, and it has been converted to 0.
at 70 ns(1), Instance /gray_schemat_gray_schemat_sch_tb/UUT/XLXI_1/ : Warning: CONV_INTEGER: There is an 'U'|'X'|'W'|'Z'|'-' in an arithmetic operand, and it has been converted to 0.
at 75 ns(1), Instance /gray_schemat_gray_schemat_sch_tb/UUT/XLXI_1/ : Warning: CONV_INTEGER: There is an 'U'|'X'|'W'|'Z'|'-' in an arithmetic operand, and it has been converted to 0.
at 75 ns(2), Instance /gray_schemat_gray_schemat_sch_tb/UUT/XLXI_1/ : Warning: CONV_INTEGER: There is an 'U'|'X'|'W'|'Z'|'-' in an arithmetic operand, and it has been converted to 0.
at 75 ns(3), Instance /gray_schemat_gray_schemat_sch_tb/UUT/XLXI_1/ : Warning: CONV_INTEGER: There is an 'U'|'X'|'W'|'Z'|'-' in an arithmetic operand, and it has been converted to 0.
at 80 ns, Instance /gray_schemat_gray_schemat_sch_tb/UUT/XLXI_1/ : Warning: CONV_INTEGER: There is an 'U'|'X'|'W'|'Z'|'-' in an arithmetic operand, and it has been converted to 0.
at 80 ns(1), Instance /gray_schemat_gray_schemat_sch_tb/UUT/XLXI_1/ : Warning: CONV_INTEGER: There is an 'U'|'X'|'W'|'Z'|'-' in an arithmetic operand, and it has been converted to 0.
at 80 ns(2), Instance /gray_schemat_gray_schemat_sch_tb/UUT/XLXI_1/ : Warning: CONV_INTEGER: There is an 'U'|'X'|'W'|'Z'|'-' in an arithmetic operand, and it has been converted to 0.
at 80 ns(3), Instance /gray_schemat_gray_schemat_sch_tb/UUT/XLXI_1/ : Warning: CONV_INTEGER: There is an 'U'|'X'|'W'|'Z'|'-' in an arithmetic operand, and it has been converted to 0.
at 90 ns(1), Instance /gray_schemat_gray_schemat_sch_tb/UUT/XLXI_1/ : Warning: CONV_INTEGER: There is an 'U'|'X'|'W'|'Z'|'-' in an arithmetic operand, and it has been converted to 0.
at 90 ns(2), Instance /gray_schemat_gray_schemat_sch_tb/UUT/XLXI_1/ : Warning: CONV_INTEGER: There is an 'U'|'X'|'W'|'Z'|'-' in an arithmetic operand, and it has been converted to 0.
at 90 ns(3), Instance /gray_schemat_gray_schemat_sch_tb/UUT/XLXI_1/ : Warning: CONV_INTEGER: There is an 'U'|'X'|'W'|'Z'|'-' in an arithmetic operand, and it has been converted to 0.
at 100 ns, Instance /gray_schemat_gray_schemat_sch_tb/UUT/XLXI_1/ : Warning: CONV_INTEGER: There is an 'U'|'X'|'W'|'Z'|'-' in an arithmetic operand, and it has been converted to 0.
at 100 ns(1), Instance /gray_schemat_gray_schemat_sch_tb/UUT/XLXI_1/ : Warning: CONV_INTEGER: There is an 'U'|'X'|'W'|'Z'|'-' in an arithmetic operand, and it has been converted to 0.
at 100 ns(2), Instance /gray_schemat_gray_schemat_sch_tb/UUT/XLXI_1/ : Warning: CONV_INTEGER: There is an 'U'|'X'|'W'|'Z'|'-' in an arithmetic operand, and it has been converted to 0.
at 105 ns(1), Instance /gray_schemat_gray_schemat_sch_tb/UUT/XLXI_1/ : Warning: CONV_INTEGER: There is an 'U'|'X'|'W'|'Z'|'-' in an arithmetic operand, and it has been converted to 0.
at 110 ns(1), Instance /gray_schemat_gray_schemat_sch_tb/UUT/XLXI_1/ : Warning: CONV_INTEGER: There is an 'U'|'X'|'W'|'Z'|'-' in an arithmetic operand, and it has been converted to 0.
at 120 ns, Instance /gray_schemat_gray_schemat_sch_tb/UUT/XLXI_1/ : Warning: CONV_INTEGER: There is an 'U'|'X'|'W'|'Z'|'-' in an arithmetic operand, and it has been converted to 0.
at 120 ns(1), Instance /gray_schemat_gray_schemat_sch_tb/UUT/XLXI_1/ : Warning: CONV_INTEGER: There is an 'U'|'X'|'W'|'Z'|'-' in an arithmetic operand, and it has been converted to 0.
at 120 ns(2), Instance /gray_schemat_gray_schemat_sch_tb/UUT/XLXI_1/ : Warning: CONV_INTEGER: There is an 'U'|'X'|'W'|'Z'|'-' in an arithmetic operand, and it has been converted to 0.
at 120 ns(3), Instance /gray_schemat_gray_schemat_sch_tb/UUT/XLXI_1/ : Warning: CONV_INTEGER: There is an 'U'|'X'|'W'|'Z'|'-' in an arithmetic operand, and it has been converted to 0.
at 125 ns(1), Instance /gray_schemat_gray_schemat_sch_tb/UUT/XLXI_1/ : Warning: CONV_INTEGER: There is an 'U'|'X'|'W'|'Z'|'-' in an arithmetic operand, and it has been converted to 0.
at 125 ns(2), Instance /gray_schemat_gray_schemat_sch_tb/UUT/XLXI_1/ : Warning: CONV_INTEGER: There is an 'U'|'X'|'W'|'Z'|'-' in an arithmetic operand, and it has been converted to 0.
at 125 ns(3), Instance /gray_schemat_gray_schemat_sch_tb/UUT/XLXI_1/ : Warning: CONV_INTEGER: There is an 'U'|'X'|'W'|'Z'|'-' in an arithmetic operand, and it has been converted to 0.
at 135 ns(1), Instance /gray_schemat_gray_schemat_sch_tb/UUT/XLXI_1/ : Warning: CONV_INTEGER: There is an 'U'|'X'|'W'|'Z'|'-' in an arithmetic operand, and it has been converted to 0.
at 135 ns(2), Instance /gray_schemat_gray_schemat_sch_tb/UUT/XLXI_1/ : Warning: CONV_INTEGER: There is an 'U'|'X'|'W'|'Z'|'-' in an arithmetic operand, and it has been converted to 0.
at 135 ns(3), Instance /gray_schemat_gray_schemat_sch_tb/UUT/XLXI_1/ : Warning: CONV_INTEGER: There is an 'U'|'X'|'W'|'Z'|'-' in an arithmetic operand, and it has been converted to 0.
at 140 ns, Instance /gray_schemat_gray_schemat_sch_tb/UUT/XLXI_1/ : Warning: CONV_INTEGER: There is an 'U'|'X'|'W'|'Z'|'-' in an arithmetic operand, and it has been converted to 0.
at 140 ns(1), Instance /gray_schemat_gray_schemat_sch_tb/UUT/XLXI_1/ : Warning: CONV_INTEGER: There is an 'U'|'X'|'W'|'Z'|'-' in an arithmetic operand, and it has been converted to 0.
at 140 ns(2), Instance /gray_schemat_gray_schemat_sch_tb/UUT/XLXI_1/ : Warning: CONV_INTEGER: There is an 'U'|'X'|'W'|'Z'|'-' in an arithmetic operand, and it has been converted to 0.
at 140 ns(3), Instance /gray_schemat_gray_schemat_sch_tb/UUT/XLXI_1/ : Warning: CONV_INTEGER: There is an 'U'|'X'|'W'|'Z'|'-' in an arithmetic operand, and it has been converted to 0.
at 150 ns(1), Instance /gray_schemat_gray_schemat_sch_tb/UUT/XLXI_1/ : Warning: CONV_INTEGER: There is an 'U'|'X'|'W'|'Z'|'-' in an arithmetic operand, and it has been converted to 0.
at 150 ns(2), Instance /gray_schemat_gray_schemat_sch_tb/UUT/XLXI_1/ : Warning: CONV_INTEGER: There is an 'U'|'X'|'W'|'Z'|'-' in an arithmetic operand, and it has been converted to 0.
at 150 ns(3), Instance /gray_schemat_gray_schemat_sch_tb/UUT/XLXI_1/ : Warning: CONV_INTEGER: There is an 'U'|'X'|'W'|'Z'|'-' in an arithmetic operand, and it has been converted to 0.
at 160 ns, Instance /gray_schemat_gray_schemat_sch_tb/UUT/XLXI_1/ : Warning: CONV_INTEGER: There is an 'U'|'X'|'W'|'Z'|'-' in an arithmetic operand, and it has been converted to 0.
at 160 ns(1), Instance /gray_schemat_gray_schemat_sch_tb/UUT/XLXI_1/ : Warning: CONV_INTEGER: There is an 'U'|'X'|'W'|'Z'|'-' in an arithmetic operand, and it has been converted to 0.
at 160 ns(2), Instance /gray_schemat_gray_schemat_sch_tb/UUT/XLXI_1/ : Warning: CONV_INTEGER: There is an 'U'|'X'|'W'|'Z'|'-' in an arithmetic operand, and it has been converted to 0.
at 160 ns(3), Instance /gray_schemat_gray_schemat_sch_tb/UUT/XLXI_1/ : Warning: CONV_INTEGER: There is an 'U'|'X'|'W'|'Z'|'-' in an arithmetic operand, and it has been converted to 0.
at 165 ns(1), Instance /gray_schemat_gray_schemat_sch_tb/UUT/XLXI_1/ : Warning: CONV_INTEGER: There is an 'U'|'X'|'W'|'Z'|'-' in an arithmetic operand, and it has been converted to 0.
at 175 ns(1), Instance /gray_schemat_gray_schemat_sch_tb/UUT/XLXI_1/ : Warning: CONV_INTEGER: There is an 'U'|'X'|'W'|'Z'|'-' in an arithmetic operand, and it has been converted to 0.
at 175 ns(2), Instance /gray_schemat_gray_schemat_sch_tb/UUT/XLXI_1/ : Warning: CONV_INTEGER: There is an 'U'|'X'|'W'|'Z'|'-' in an arithmetic operand, and it has been converted to 0.
at 175 ns(3), Instance /gray_schemat_gray_schemat_sch_tb/UUT/XLXI_1/ : Warning: CONV_INTEGER: There is an 'U'|'X'|'W'|'Z'|'-' in an arithmetic operand, and it has been converted to 0.
at 180 ns, Instance /gray_schemat_gray_schemat_sch_tb/UUT/XLXI_1/ : Warning: CONV_INTEGER: There is an 'U'|'X'|'W'|'Z'|'-' in an arithmetic operand, and it has been converted to 0.
at 180 ns(1), Instance /gray_schemat_gray_schemat_sch_tb/UUT/XLXI_1/ : Warning: CONV_INTEGER: There is an 'U'|'X'|'W'|'Z'|'-' in an arithmetic operand, and it has been converted to 0.
at 180 ns(2), Instance /gray_schemat_gray_schemat_sch_tb/UUT/XLXI_1/ : Warning: CONV_INTEGER: There is an 'U'|'X'|'W'|'Z'|'-' in an arithmetic operand, and it has been converted to 0.
at 180 ns(3), Instance /gray_schemat_gray_schemat_sch_tb/UUT/XLXI_1/ : Warning: CONV_INTEGER: There is an 'U'|'X'|'W'|'Z'|'-' in an arithmetic operand, and it has been converted to 0.
at 200 ns, Instance /gray_schemat_gray_schemat_sch_tb/UUT/XLXI_1/ : Warning: CONV_INTEGER: There is an 'U'|'X'|'W'|'Z'|'-' in an arithmetic operand, and it has been converted to 0.
at 200 ns(1), Instance /gray_schemat_gray_schemat_sch_tb/UUT/XLXI_1/ : Warning: CONV_INTEGER: There is an 'U'|'X'|'W'|'Z'|'-' in an arithmetic operand, and it has been converted to 0.
at 200 ns(2), Instance /gray_schemat_gray_schemat_sch_tb/UUT/XLXI_1/ : Warning: CONV_INTEGER: There is an 'U'|'X'|'W'|'Z'|'-' in an arithmetic operand, and it has been converted to 0.
at 200 ns(3), Instance /gray_schemat_gray_schemat_sch_tb/UUT/XLXI_1/ : Warning: CONV_INTEGER: There is an 'U'|'X'|'W'|'Z'|'-' in an arithmetic operand, and it has been converted to 0.
at 210 ns(1), Instance /gray_schemat_gray_schemat_sch_tb/UUT/XLXI_1/ : Warning: CONV_INTEGER: There is an 'U'|'X'|'W'|'Z'|'-' in an arithmetic operand, and it has been converted to 0.
at 210 ns(2), Instance /gray_schemat_gray_schemat_sch_tb/UUT/XLXI_1/ : Warning: CONV_INTEGER: There is an 'U'|'X'|'W'|'Z'|'-' in an arithmetic operand, and it has been converted to 0.
at 220 ns, Instance /gray_schemat_gray_schemat_sch_tb/UUT/XLXI_1/ : Warning: CONV_INTEGER: There is an 'U'|'X'|'W'|'Z'|'-' in an arithmetic operand, and it has been converted to 0.
at 220 ns(1), Instance /gray_schemat_gray_schemat_sch_tb/UUT/XLXI_1/ : Warning: CONV_INTEGER: There is an 'U'|'X'|'W'|'Z'|'-' in an arithmetic operand, and it has been converted to 0.
at 220 ns(2), Instance /gray_schemat_gray_schemat_sch_tb/UUT/XLXI_1/ : Warning: CONV_INTEGER: There is an 'U'|'X'|'W'|'Z'|'-' in an arithmetic operand, and it has been converted to 0.
at 220 ns(3), Instance /gray_schemat_gray_schemat_sch_tb/UUT/XLXI_1/ : Warning: CONV_INTEGER: There is an 'U'|'X'|'W'|'Z'|'-' in an arithmetic operand, and it has been converted to 0.
at 225 ns(1), Instance /gray_schemat_gray_schemat_sch_tb/UUT/XLXI_1/ : Warning: CONV_INTEGER: There is an 'U'|'X'|'W'|'Z'|'-' in an arithmetic operand, and it has been converted to 0.
at 225 ns(2), Instance /gray_schemat_gray_schemat_sch_tb/UUT/XLXI_1/ : Warning: CONV_INTEGER: There is an 'U'|'X'|'W'|'Z'|'-' in an arithmetic operand, and it has been converted to 0.
at 225 ns(3), Instance /gray_schemat_gray_schemat_sch_tb/UUT/XLXI_1/ : Warning: CONV_INTEGER: There is an 'U'|'X'|'W'|'Z'|'-' in an arithmetic operand, and it has been converted to 0.
at 240 ns, Instance /gray_schemat_gray_schemat_sch_tb/UUT/XLXI_1/ : Warning: CONV_INTEGER: There is an 'U'|'X'|'W'|'Z'|'-' in an arithmetic operand, and it has been converted to 0.
at 240 ns(1), Instance /gray_schemat_gray_schemat_sch_tb/UUT/XLXI_1/ : Warning: CONV_INTEGER: There is an 'U'|'X'|'W'|'Z'|'-' in an arithmetic operand, and it has been converted to 0.
at 240 ns(2), Instance /gray_schemat_gray_schemat_sch_tb/UUT/XLXI_1/ : Warning: CONV_INTEGER: There is an 'U'|'X'|'W'|'Z'|'-' in an arithmetic operand, and it has been converted to 0.
at 240 ns(3), Instance /gray_schemat_gray_schemat_sch_tb/UUT/XLXI_1/ : Warning: CONV_INTEGER: There is an 'U'|'X'|'W'|'Z'|'-' in an arithmetic operand, and it has been converted to 0.
at 245 ns(1), Instance /gray_schemat_gray_schemat_sch_tb/UUT/XLXI_1/ : Warning: CONV_INTEGER: There is an 'U'|'X'|'W'|'Z'|'-' in an arithmetic operand, and it has been converted to 0.
at 250 ns(1), Instance /gray_schemat_gray_schemat_sch_tb/UUT/XLXI_1/ : Warning: CONV_INTEGER: There is an 'U'|'X'|'W'|'Z'|'-' in an arithmetic operand, and it has been converted to 0.
at 250 ns(2), Instance /gray_schemat_gray_schemat_sch_tb/UUT/XLXI_1/ : Warning: CONV_INTEGER: There is an 'U'|'X'|'W'|'Z'|'-' in an arithmetic operand, and it has been converted to 0.
at 250 ns(3), Instance /gray_schemat_gray_schemat_sch_tb/UUT/XLXI_1/ : Warning: CONV_INTEGER: There is an 'U'|'X'|'W'|'Z'|'-' in an arithmetic operand, and it has been converted to 0.
at 260 ns, Instance /gray_schemat_gray_schemat_sch_tb/UUT/XLXI_1/ : Warning: CONV_INTEGER: There is an 'U'|'X'|'W'|'Z'|'-' in an arithmetic operand, and it has been converted to 0.
at 260 ns(1), Instance /gray_schemat_gray_schemat_sch_tb/UUT/XLXI_1/ : Warning: CONV_INTEGER: There is an 'U'|'X'|'W'|'Z'|'-' in an arithmetic operand, and it has been converted to 0.
at 260 ns(2), Instance /gray_schemat_gray_schemat_sch_tb/UUT/XLXI_1/ : Warning: CONV_INTEGER: There is an 'U'|'X'|'W'|'Z'|'-' in an arithmetic operand, and it has been converted to 0.
at 260 ns(3), Instance /gray_schemat_gray_schemat_sch_tb/UUT/XLXI_1/ : Warning: CONV_INTEGER: There is an 'U'|'X'|'W'|'Z'|'-' in an arithmetic operand, and it has been converted to 0.
at 270 ns(1), Instance /gray_schemat_gray_schemat_sch_tb/UUT/XLXI_1/ : Warning: CONV_INTEGER: There is an 'U'|'X'|'W'|'Z'|'-' in an arithmetic operand, and it has been converted to 0.
at 270 ns(2), Instance /gray_schemat_gray_schemat_sch_tb/UUT/XLXI_1/ : Warning: CONV_INTEGER: There is an 'U'|'X'|'W'|'Z'|'-' in an arithmetic operand, and it has been converted to 0.
at 270 ns(3), Instance /gray_schemat_gray_schemat_sch_tb/UUT/XLXI_1/ : Warning: CONV_INTEGER: There is an 'U'|'X'|'W'|'Z'|'-' in an arithmetic operand, and it has been converted to 0.
at 275 ns(1), Instance /gray_schemat_gray_schemat_sch_tb/UUT/XLXI_1/ : Warning: CONV_INTEGER: There is an 'U'|'X'|'W'|'Z'|'-' in an arithmetic operand, and it has been converted to 0.
at 275 ns(2), Instance /gray_schemat_gray_schemat_sch_tb/UUT/XLXI_1/ : Warning: CONV_INTEGER: There is an 'U'|'X'|'W'|'Z'|'-' in an arithmetic operand, and it has been converted to 0.
at 275 ns(3), Instance /gray_schemat_gray_schemat_sch_tb/UUT/XLXI_1/ : Warning: CONV_INTEGER: There is an 'U'|'X'|'W'|'Z'|'-' in an arithmetic operand, and it has been converted to 0.
at 280 ns, Instance /gray_schemat_gray_schemat_sch_tb/UUT/XLXI_1/ : Warning: CONV_INTEGER: There is an 'U'|'X'|'W'|'Z'|'-' in an arithmetic operand, and it has been converted to 0.
at 280 ns(1), Instance /gray_schemat_gray_schemat_sch_tb/UUT/XLXI_1/ : Warning: CONV_INTEGER: There is an 'U'|'X'|'W'|'Z'|'-' in an arithmetic operand, and it has been converted to 0.
at 280 ns(2), Instance /gray_schemat_gray_schemat_sch_tb/UUT/XLXI_1/ : Warning: CONV_INTEGER: There is an 'U'|'X'|'W'|'Z'|'-' in an arithmetic operand, and it has been converted to 0.
at 280 ns(3), Instance /gray_schemat_gray_schemat_sch_tb/UUT/XLXI_1/ : Warning: CONV_INTEGER: There is an 'U'|'X'|'W'|'Z'|'-' in an arithmetic operand, and it has been converted to 0.
at 300 ns, Instance /gray_schemat_gray_schemat_sch_tb/UUT/XLXI_1/ : Warning: CONV_INTEGER: There is an 'U'|'X'|'W'|'Z'|'-' in an arithmetic operand, and it has been converted to 0.
at 300 ns(1), Instance /gray_schemat_gray_schemat_sch_tb/UUT/XLXI_1/ : Warning: CONV_INTEGER: There is an 'U'|'X'|'W'|'Z'|'-' in an arithmetic operand, and it has been converted to 0.
at 300 ns(2), Instance /gray_schemat_gray_schemat_sch_tb/UUT/XLXI_1/ : Warning: CONV_INTEGER: There is an 'U'|'X'|'W'|'Z'|'-' in an arithmetic operand, and it has been converted to 0.
at 315 ns(1), Instance /gray_schemat_gray_schemat_sch_tb/UUT/XLXI_1/ : Warning: CONV_INTEGER: There is an 'U'|'X'|'W'|'Z'|'-' in an arithmetic operand, and it has been converted to 0.
at 315 ns(2), Instance /gray_schemat_gray_schemat_sch_tb/UUT/XLXI_1/ : Warning: CONV_INTEGER: There is an 'U'|'X'|'W'|'Z'|'-' in an arithmetic operand, and it has been converted to 0.
at 315 ns(3), Instance /gray_schemat_gray_schemat_sch_tb/UUT/XLXI_1/ : Warning: CONV_INTEGER: There is an 'U'|'X'|'W'|'Z'|'-' in an arithmetic operand, and it has been converted to 0.
at 320 ns, Instance /gray_schemat_gray_schemat_sch_tb/UUT/XLXI_1/ : Warning: CONV_INTEGER: There is an 'U'|'X'|'W'|'Z'|'-' in an arithmetic operand, and it has been converted to 0.
at 320 ns(1), Instance /gray_schemat_gray_schemat_sch_tb/UUT/XLXI_1/ : Warning: CONV_INTEGER: There is an 'U'|'X'|'W'|'Z'|'-' in an arithmetic operand, and it has been converted to 0.
at 320 ns(2), Instance /gray_schemat_gray_schemat_sch_tb/UUT/XLXI_1/ : Warning: CONV_INTEGER: There is an 'U'|'X'|'W'|'Z'|'-' in an arithmetic operand, and it has been converted to 0.
at 320 ns(3), Instance /gray_schemat_gray_schemat_sch_tb/UUT/XLXI_1/ : Warning: CONV_INTEGER: There is an 'U'|'X'|'W'|'Z'|'-' in an arithmetic operand, and it has been converted to 0.
at 325 ns(1), Instance /gray_schemat_gray_schemat_sch_tb/UUT/XLXI_1/ : Warning: CONV_INTEGER: There is an 'U'|'X'|'W'|'Z'|'-' in an arithmetic operand, and it has been converted to 0.
at 325 ns(2), Instance /gray_schemat_gray_schemat_sch_tb/UUT/XLXI_1/ : Warning: CONV_INTEGER: There is an 'U'|'X'|'W'|'Z'|'-' in an arithmetic operand, and it has been converted to 0.
at 325 ns(3), Instance /gray_schemat_gray_schemat_sch_tb/UUT/XLXI_1/ : Warning: CONV_INTEGER: There is an 'U'|'X'|'W'|'Z'|'-' in an arithmetic operand, and it has been converted to 0.
at 330 ns(1), Instance /gray_schemat_gray_schemat_sch_tb/UUT/XLXI_1/ : Warning: CONV_INTEGER: There is an 'U'|'X'|'W'|'Z'|'-' in an arithmetic operand, and it has been converted to 0.
at 330 ns(2), Instance /gray_schemat_gray_schemat_sch_tb/UUT/XLXI_1/ : Warning: CONV_INTEGER: There is an 'U'|'X'|'W'|'Z'|'-' in an arithmetic operand, and it has been converted to 0.
at 340 ns, Instance /gray_schemat_gray_schemat_sch_tb/UUT/XLXI_1/ : Warning: CONV_INTEGER: There is an 'U'|'X'|'W'|'Z'|'-' in an arithmetic operand, and it has been converted to 0.
at 340 ns(1), Instance /gray_schemat_gray_schemat_sch_tb/UUT/XLXI_1/ : Warning: CONV_INTEGER: There is an 'U'|'X'|'W'|'Z'|'-' in an arithmetic operand, and it has been converted to 0.
at 340 ns(2), Instance /gray_schemat_gray_schemat_sch_tb/UUT/XLXI_1/ : Warning: CONV_INTEGER: There is an 'U'|'X'|'W'|'Z'|'-' in an arithmetic operand, and it has been converted to 0.
at 340 ns(3), Instance /gray_schemat_gray_schemat_sch_tb/UUT/XLXI_1/ : Warning: CONV_INTEGER: There is an 'U'|'X'|'W'|'Z'|'-' in an arithmetic operand, and it has been converted to 0.
at 350 ns(1), Instance /gray_schemat_gray_schemat_sch_tb/UUT/XLXI_1/ : Warning: CONV_INTEGER: There is an 'U'|'X'|'W'|'Z'|'-' in an arithmetic operand, and it has been converted to 0.
at 350 ns(2), Instance /gray_schemat_gray_schemat_sch_tb/UUT/XLXI_1/ : Warning: CONV_INTEGER: There is an 'U'|'X'|'W'|'Z'|'-' in an arithmetic operand, and it has been converted to 0.
at 350 ns(3), Instance /gray_schemat_gray_schemat_sch_tb/UUT/XLXI_1/ : Warning: CONV_INTEGER: There is an 'U'|'X'|'W'|'Z'|'-' in an arithmetic operand, and it has been converted to 0.
at 360 ns, Instance /gray_schemat_gray_schemat_sch_tb/UUT/XLXI_1/ : Warning: CONV_INTEGER: There is an 'U'|'X'|'W'|'Z'|'-' in an arithmetic operand, and it has been converted to 0.
at 360 ns(1), Instance /gray_schemat_gray_schemat_sch_tb/UUT/XLXI_1/ : Warning: CONV_INTEGER: There is an 'U'|'X'|'W'|'Z'|'-' in an arithmetic operand, and it has been converted to 0.
at 360 ns(2), Instance /gray_schemat_gray_schemat_sch_tb/UUT/XLXI_1/ : Warning: CONV_INTEGER: There is an 'U'|'X'|'W'|'Z'|'-' in an arithmetic operand, and it has been converted to 0.
at 360 ns(3), Instance /gray_schemat_gray_schemat_sch_tb/UUT/XLXI_1/ : Warning: CONV_INTEGER: There is an 'U'|'X'|'W'|'Z'|'-' in an arithmetic operand, and it has been converted to 0.
at 375 ns(1), Instance /gray_schemat_gray_schemat_sch_tb/UUT/XLXI_1/ : Warning: CONV_INTEGER: There is an 'U'|'X'|'W'|'Z'|'-' in an arithmetic operand, and it has been converted to 0.
at 375 ns(2), Instance /gray_schemat_gray_schemat_sch_tb/UUT/XLXI_1/ : Warning: CONV_INTEGER: There is an 'U'|'X'|'W'|'Z'|'-' in an arithmetic operand, and it has been converted to 0.
at 375 ns(3), Instance /gray_schemat_gray_schemat_sch_tb/UUT/XLXI_1/ : Warning: CONV_INTEGER: There is an 'U'|'X'|'W'|'Z'|'-' in an arithmetic operand, and it has been converted to 0.
at 380 ns, Instance /gray_schemat_gray_schemat_sch_tb/UUT/XLXI_1/ : Warning: CONV_INTEGER: There is an 'U'|'X'|'W'|'Z'|'-' in an arithmetic operand, and it has been converted to 0.
at 380 ns(1), Instance /gray_schemat_gray_schemat_sch_tb/UUT/XLXI_1/ : Warning: CONV_INTEGER: There is an 'U'|'X'|'W'|'Z'|'-' in an arithmetic operand, and it has been converted to 0.
at 380 ns(2), Instance /gray_schemat_gray_schemat_sch_tb/UUT/XLXI_1/ : Warning: CONV_INTEGER: There is an 'U'|'X'|'W'|'Z'|'-' in an arithmetic operand, and it has been converted to 0.
at 380 ns(3), Instance /gray_schemat_gray_schemat_sch_tb/UUT/XLXI_1/ : Warning: CONV_INTEGER: There is an 'U'|'X'|'W'|'Z'|'-' in an arithmetic operand, and it has been converted to 0.
at 385 ns(1), Instance /gray_schemat_gray_schemat_sch_tb/UUT/XLXI_1/ : Warning: CONV_INTEGER: There is an 'U'|'X'|'W'|'Z'|'-' in an arithmetic operand, and it has been converted to 0.
at 390 ns(1), Instance /gray_schemat_gray_schemat_sch_tb/UUT/XLXI_1/ : Warning: CONV_INTEGER: There is an 'U'|'X'|'W'|'Z'|'-' in an arithmetic operand, and it has been converted to 0.
at 390 ns(2), Instance /gray_schemat_gray_schemat_sch_tb/UUT/XLXI_1/ : Warning: CONV_INTEGER: There is an 'U'|'X'|'W'|'Z'|'-' in an arithmetic operand, and it has been converted to 0.
at 400 ns, Instance /gray_schemat_gray_schemat_sch_tb/UUT/XLXI_1/ : Warning: CONV_INTEGER: There is an 'U'|'X'|'W'|'Z'|'-' in an arithmetic operand, and it has been converted to 0.
at 400 ns(1), Instance /gray_schemat_gray_schemat_sch_tb/UUT/XLXI_1/ : Warning: CONV_INTEGER: There is an 'U'|'X'|'W'|'Z'|'-' in an arithmetic operand, and it has been converted to 0.
at 400 ns(2), Instance /gray_schemat_gray_schemat_sch_tb/UUT/XLXI_1/ : Warning: CONV_INTEGER: There is an 'U'|'X'|'W'|'Z'|'-' in an arithmetic operand, and it has been converted to 0.
at 400 ns(3), Instance /gray_schemat_gray_schemat_sch_tb/UUT/XLXI_1/ : Warning: CONV_INTEGER: There is an 'U'|'X'|'W'|'Z'|'-' in an arithmetic operand, and it has been converted to 0.
at 405 ns(1), Instance /gray_schemat_gray_schemat_sch_tb/UUT/XLXI_1/ : Warning: CONV_INTEGER: There is an 'U'|'X'|'W'|'Z'|'-' in an arithmetic operand, and it has been converted to 0.
at 405 ns(2), Instance /gray_schemat_gray_schemat_sch_tb/UUT/XLXI_1/ : Warning: CONV_INTEGER: There is an 'U'|'X'|'W'|'Z'|'-' in an arithmetic operand, and it has been converted to 0.
at 405 ns(3), Instance /gray_schemat_gray_schemat_sch_tb/UUT/XLXI_1/ : Warning: CONV_INTEGER: There is an 'U'|'X'|'W'|'Z'|'-' in an arithmetic operand, and it has been converted to 0.
at 420 ns, Instance /gray_schemat_gray_schemat_sch_tb/UUT/XLXI_1/ : Warning: CONV_INTEGER: There is an 'U'|'X'|'W'|'Z'|'-' in an arithmetic operand, and it has been converted to 0.
at 420 ns(1), Instance /gray_schemat_gray_schemat_sch_tb/UUT/XLXI_1/ : Warning: CONV_INTEGER: There is an 'U'|'X'|'W'|'Z'|'-' in an arithmetic operand, and it has been converted to 0.
at 420 ns(2), Instance /gray_schemat_gray_schemat_sch_tb/UUT/XLXI_1/ : Warning: CONV_INTEGER: There is an 'U'|'X'|'W'|'Z'|'-' in an arithmetic operand, and it has been converted to 0.
at 420 ns(3), Instance /gray_schemat_gray_schemat_sch_tb/UUT/XLXI_1/ : Warning: CONV_INTEGER: There is an 'U'|'X'|'W'|'Z'|'-' in an arithmetic operand, and it has been converted to 0.
at 425 ns(1), Instance /gray_schemat_gray_schemat_sch_tb/UUT/XLXI_1/ : Warning: CONV_INTEGER: There is an 'U'|'X'|'W'|'Z'|'-' in an arithmetic operand, and it has been converted to 0.
at 425 ns(2), Instance /gray_schemat_gray_schemat_sch_tb/UUT/XLXI_1/ : Warning: CONV_INTEGER: There is an 'U'|'X'|'W'|'Z'|'-' in an arithmetic operand, and it has been converted to 0.
at 425 ns(3), Instance /gray_schemat_gray_schemat_sch_tb/UUT/XLXI_1/ : Warning: CONV_INTEGER: There is an 'U'|'X'|'W'|'Z'|'-' in an arithmetic operand, and it has been converted to 0.
at 440 ns, Instance /gray_schemat_gray_schemat_sch_tb/UUT/XLXI_1/ : Warning: CONV_INTEGER: There is an 'U'|'X'|'W'|'Z'|'-' in an arithmetic operand, and it has been converted to 0.
at 440 ns(1), Instance /gray_schemat_gray_schemat_sch_tb/UUT/XLXI_1/ : Warning: CONV_INTEGER: There is an 'U'|'X'|'W'|'Z'|'-' in an arithmetic operand, and it has been converted to 0.
at 440 ns(2), Instance /gray_schemat_gray_schemat_sch_tb/UUT/XLXI_1/ : Warning: CONV_INTEGER: There is an 'U'|'X'|'W'|'Z'|'-' in an arithmetic operand, and it has been converted to 0.
at 440 ns(3), Instance /gray_schemat_gray_schemat_sch_tb/UUT/XLXI_1/ : Warning: CONV_INTEGER: There is an 'U'|'X'|'W'|'Z'|'-' in an arithmetic operand, and it has been converted to 0.
at 450 ns(1), Instance /gray_schemat_gray_schemat_sch_tb/UUT/XLXI_1/ : Warning: CONV_INTEGER: There is an 'U'|'X'|'W'|'Z'|'-' in an arithmetic operand, and it has been converted to 0.
at 450 ns(2), Instance /gray_schemat_gray_schemat_sch_tb/UUT/XLXI_1/ : Warning: CONV_INTEGER: There is an 'U'|'X'|'W'|'Z'|'-' in an arithmetic operand, and it has been converted to 0.
at 450 ns(3), Instance /gray_schemat_gray_schemat_sch_tb/UUT/XLXI_1/ : Warning: CONV_INTEGER: There is an 'U'|'X'|'W'|'Z'|'-' in an arithmetic operand, and it has been converted to 0.
at 455 ns(1), Instance /gray_schemat_gray_schemat_sch_tb/UUT/XLXI_1/ : Warning: CONV_INTEGER: There is an 'U'|'X'|'W'|'Z'|'-' in an arithmetic operand, and it has been converted to 0.
at 460 ns, Instance /gray_schemat_gray_schemat_sch_tb/UUT/XLXI_1/ : Warning: CONV_INTEGER: There is an 'U'|'X'|'W'|'Z'|'-' in an arithmetic operand, and it has been converted to 0.
at 460 ns(1), Instance /gray_schemat_gray_schemat_sch_tb/UUT/XLXI_1/ : Warning: CONV_INTEGER: There is an 'U'|'X'|'W'|'Z'|'-' in an arithmetic operand, and it has been converted to 0.
at 460 ns(2), Instance /gray_schemat_gray_schemat_sch_tb/UUT/XLXI_1/ : Warning: CONV_INTEGER: There is an 'U'|'X'|'W'|'Z'|'-' in an arithmetic operand, and it has been converted to 0.
at 460 ns(3), Instance /gray_schemat_gray_schemat_sch_tb/UUT/XLXI_1/ : Warning: CONV_INTEGER: There is an 'U'|'X'|'W'|'Z'|'-' in an arithmetic operand, and it has been converted to 0.
at 475 ns(1), Instance /gray_schemat_gray_schemat_sch_tb/UUT/XLXI_1/ : Warning: CONV_INTEGER: There is an 'U'|'X'|'W'|'Z'|'-' in an arithmetic operand, and it has been converted to 0.
at 475 ns(2), Instance /gray_schemat_gray_schemat_sch_tb/UUT/XLXI_1/ : Warning: CONV_INTEGER: There is an 'U'|'X'|'W'|'Z'|'-' in an arithmetic operand, and it has been converted to 0.
at 475 ns(3), Instance /gray_schemat_gray_schemat_sch_tb/UUT/XLXI_1/ : Warning: CONV_INTEGER: There is an 'U'|'X'|'W'|'Z'|'-' in an arithmetic operand, and it has been converted to 0.
at 480 ns, Instance /gray_schemat_gray_schemat_sch_tb/UUT/XLXI_1/ : Warning: CONV_INTEGER: There is an 'U'|'X'|'W'|'Z'|'-' in an arithmetic operand, and it has been converted to 0.
at 480 ns(1), Instance /gray_schemat_gray_schemat_sch_tb/UUT/XLXI_1/ : Warning: CONV_INTEGER: There is an 'U'|'X'|'W'|'Z'|'-' in an arithmetic operand, and it has been converted to 0.
at 480 ns(2), Instance /gray_schemat_gray_schemat_sch_tb/UUT/XLXI_1/ : Warning: CONV_INTEGER: There is an 'U'|'X'|'W'|'Z'|'-' in an arithmetic operand, and it has been converted to 0.
at 480 ns(3), Instance /gray_schemat_gray_schemat_sch_tb/UUT/XLXI_1/ : Warning: CONV_INTEGER: There is an 'U'|'X'|'W'|'Z'|'-' in an arithmetic operand, and it has been converted to 0.
at 490 ns(1), Instance /gray_schemat_gray_schemat_sch_tb/UUT/XLXI_1/ : Warning: CONV_INTEGER: There is an 'U'|'X'|'W'|'Z'|'-' in an arithmetic operand, and it has been converted to 0.
at 495 ns(1), Instance /gray_schemat_gray_schemat_sch_tb/UUT/XLXI_1/ : Warning: CONV_INTEGER: There is an 'U'|'X'|'W'|'Z'|'-' in an arithmetic operand, and it has been converted to 0.
at 495 ns(2), Instance /gray_schemat_gray_schemat_sch_tb/UUT/XLXI_1/ : Warning: CONV_INTEGER: There is an 'U'|'X'|'W'|'Z'|'-' in an arithmetic operand, and it has been converted to 0.
at 495 ns(3), Instance /gray_schemat_gray_schemat_sch_tb/UUT/XLXI_1/ : Warning: CONV_INTEGER: There is an 'U'|'X'|'W'|'Z'|'-' in an arithmetic operand, and it has been converted to 0.
at 500 ns, Instance /gray_schemat_gray_schemat_sch_tb/UUT/XLXI_1/ : Warning: CONV_INTEGER: There is an 'U'|'X'|'W'|'Z'|'-' in an arithmetic operand, and it has been converted to 0.
at 500 ns(1), Instance /gray_schemat_gray_schemat_sch_tb/UUT/XLXI_1/ : Warning: CONV_INTEGER: There is an 'U'|'X'|'W'|'Z'|'-' in an arithmetic operand, and it has been converted to 0.
at 500 ns(2), Instance /gray_schemat_gray_schemat_sch_tb/UUT/XLXI_1/ : Warning: CONV_INTEGER: There is an 'U'|'X'|'W'|'Z'|'-' in an arithmetic operand, and it has been converted to 0.
at 510 ns(1), Instance /gray_schemat_gray_schemat_sch_tb/UUT/XLXI_1/ : Warning: CONV_INTEGER: There is an 'U'|'X'|'W'|'Z'|'-' in an arithmetic operand, and it has been converted to 0.
at 510 ns(2), Instance /gray_schemat_gray_schemat_sch_tb/UUT/XLXI_1/ : Warning: CONV_INTEGER: There is an 'U'|'X'|'W'|'Z'|'-' in an arithmetic operand, and it has been converted to 0.
at 520 ns, Instance /gray_schemat_gray_schemat_sch_tb/UUT/XLXI_1/ : Warning: CONV_INTEGER: There is an 'U'|'X'|'W'|'Z'|'-' in an arithmetic operand, and it has been converted to 0.
at 520 ns(1), Instance /gray_schemat_gray_schemat_sch_tb/UUT/XLXI_1/ : Warning: CONV_INTEGER: There is an 'U'|'X'|'W'|'Z'|'-' in an arithmetic operand, and it has been converted to 0.
at 520 ns(2), Instance /gray_schemat_gray_schemat_sch_tb/UUT/XLXI_1/ : Warning: CONV_INTEGER: There is an 'U'|'X'|'W'|'Z'|'-' in an arithmetic operand, and it has been converted to 0.
at 520 ns(3), Instance /gray_schemat_gray_schemat_sch_tb/UUT/XLXI_1/ : Warning: CONV_INTEGER: There is an 'U'|'X'|'W'|'Z'|'-' in an arithmetic operand, and it has been converted to 0.
at 525 ns(1), Instance /gray_schemat_gray_schemat_sch_tb/UUT/XLXI_1/ : Warning: CONV_INTEGER: There is an 'U'|'X'|'W'|'Z'|'-' in an arithmetic operand, and it has been converted to 0.
at 525 ns(2), Instance /gray_schemat_gray_schemat_sch_tb/UUT/XLXI_1/ : Warning: CONV_INTEGER: There is an 'U'|'X'|'W'|'Z'|'-' in an arithmetic operand, and it has been converted to 0.
at 525 ns(3), Instance /gray_schemat_gray_schemat_sch_tb/UUT/XLXI_1/ : Warning: CONV_INTEGER: There is an 'U'|'X'|'W'|'Z'|'-' in an arithmetic operand, and it has been converted to 0.
at 540 ns, Instance /gray_schemat_gray_schemat_sch_tb/UUT/XLXI_1/ : Warning: CONV_INTEGER: There is an 'U'|'X'|'W'|'Z'|'-' in an arithmetic operand, and it has been converted to 0.
at 540 ns(1), Instance /gray_schemat_gray_schemat_sch_tb/UUT/XLXI_1/ : Warning: CONV_INTEGER: There is an 'U'|'X'|'W'|'Z'|'-' in an arithmetic operand, and it has been converted to 0.
at 540 ns(2), Instance /gray_schemat_gray_schemat_sch_tb/UUT/XLXI_1/ : Warning: CONV_INTEGER: There is an 'U'|'X'|'W'|'Z'|'-' in an arithmetic operand, and it has been converted to 0.
at 540 ns(3), Instance /gray_schemat_gray_schemat_sch_tb/UUT/XLXI_1/ : Warning: CONV_INTEGER: There is an 'U'|'X'|'W'|'Z'|'-' in an arithmetic operand, and it has been converted to 0.
at 550 ns(1), Instance /gray_schemat_gray_schemat_sch_tb/UUT/XLXI_1/ : Warning: CONV_INTEGER: There is an 'U'|'X'|'W'|'Z'|'-' in an arithmetic operand, and it has been converted to 0.
at 550 ns(2), Instance /gray_schemat_gray_schemat_sch_tb/UUT/XLXI_1/ : Warning: CONV_INTEGER: There is an 'U'|'X'|'W'|'Z'|'-' in an arithmetic operand, and it has been converted to 0.
at 550 ns(3), Instance /gray_schemat_gray_schemat_sch_tb/UUT/XLXI_1/ : Warning: CONV_INTEGER: There is an 'U'|'X'|'W'|'Z'|'-' in an arithmetic operand, and it has been converted to 0.
at 560 ns, Instance /gray_schemat_gray_schemat_sch_tb/UUT/XLXI_1/ : Warning: CONV_INTEGER: There is an 'U'|'X'|'W'|'Z'|'-' in an arithmetic operand, and it has been converted to 0.
at 560 ns(1), Instance /gray_schemat_gray_schemat_sch_tb/UUT/XLXI_1/ : Warning: CONV_INTEGER: There is an 'U'|'X'|'W'|'Z'|'-' in an arithmetic operand, and it has been converted to 0.
at 560 ns(2), Instance /gray_schemat_gray_schemat_sch_tb/UUT/XLXI_1/ : Warning: CONV_INTEGER: There is an 'U'|'X'|'W'|'Z'|'-' in an arithmetic operand, and it has been converted to 0.
at 560 ns(3), Instance /gray_schemat_gray_schemat_sch_tb/UUT/XLXI_1/ : Warning: CONV_INTEGER: There is an 'U'|'X'|'W'|'Z'|'-' in an arithmetic operand, and it has been converted to 0.
at 570 ns(1), Instance /gray_schemat_gray_schemat_sch_tb/UUT/XLXI_1/ : Warning: CONV_INTEGER: There is an 'U'|'X'|'W'|'Z'|'-' in an arithmetic operand, and it has been converted to 0.
at 570 ns(2), Instance /gray_schemat_gray_schemat_sch_tb/UUT/XLXI_1/ : Warning: CONV_INTEGER: There is an 'U'|'X'|'W'|'Z'|'-' in an arithmetic operand, and it has been converted to 0.
at 575 ns(1), Instance /gray_schemat_gray_schemat_sch_tb/UUT/XLXI_1/ : Warning: CONV_INTEGER: There is an 'U'|'X'|'W'|'Z'|'-' in an arithmetic operand, and it has been converted to 0.
at 575 ns(2), Instance /gray_schemat_gray_schemat_sch_tb/UUT/XLXI_1/ : Warning: CONV_INTEGER: There is an 'U'|'X'|'W'|'Z'|'-' in an arithmetic operand, and it has been converted to 0.
at 575 ns(3), Instance /gray_schemat_gray_schemat_sch_tb/UUT/XLXI_1/ : Warning: CONV_INTEGER: There is an 'U'|'X'|'W'|'Z'|'-' in an arithmetic operand, and it has been converted to 0.
at 580 ns, Instance /gray_schemat_gray_schemat_sch_tb/UUT/XLXI_1/ : Warning: CONV_INTEGER: There is an 'U'|'X'|'W'|'Z'|'-' in an arithmetic operand, and it has been converted to 0.
at 580 ns(1), Instance /gray_schemat_gray_schemat_sch_tb/UUT/XLXI_1/ : Warning: CONV_INTEGER: There is an 'U'|'X'|'W'|'Z'|'-' in an arithmetic operand, and it has been converted to 0.
at 580 ns(2), Instance /gray_schemat_gray_schemat_sch_tb/UUT/XLXI_1/ : Warning: CONV_INTEGER: There is an 'U'|'X'|'W'|'Z'|'-' in an arithmetic operand, and it has been converted to 0.
at 580 ns(3), Instance /gray_schemat_gray_schemat_sch_tb/UUT/XLXI_1/ : Warning: CONV_INTEGER: There is an 'U'|'X'|'W'|'Z'|'-' in an arithmetic operand, and it has been converted to 0.
at 585 ns(1), Instance /gray_schemat_gray_schemat_sch_tb/UUT/XLXI_1/ : Warning: CONV_INTEGER: There is an 'U'|'X'|'W'|'Z'|'-' in an arithmetic operand, and it has been converted to 0.
at 585 ns(2), Instance /gray_schemat_gray_schemat_sch_tb/UUT/XLXI_1/ : Warning: CONV_INTEGER: There is an 'U'|'X'|'W'|'Z'|'-' in an arithmetic operand, and it has been converted to 0.
at 585 ns(3), Instance /gray_schemat_gray_schemat_sch_tb/UUT/XLXI_1/ : Warning: CONV_INTEGER: There is an 'U'|'X'|'W'|'Z'|'-' in an arithmetic operand, and it has been converted to 0.
at 595 ns(1), Instance /gray_schemat_gray_schemat_sch_tb/UUT/XLXI_1/ : Warning: CONV_INTEGER: There is an 'U'|'X'|'W'|'Z'|'-' in an arithmetic operand, and it has been converted to 0.
at 600 ns, Instance /gray_schemat_gray_schemat_sch_tb/UUT/XLXI_1/ : Warning: CONV_INTEGER: There is an 'U'|'X'|'W'|'Z'|'-' in an arithmetic operand, and it has been converted to 0.
at 600 ns(1), Instance /gray_schemat_gray_schemat_sch_tb/UUT/XLXI_1/ : Warning: CONV_INTEGER: There is an 'U'|'X'|'W'|'Z'|'-' in an arithmetic operand, and it has been converted to 0.
at 600 ns(2), Instance /gray_schemat_gray_schemat_sch_tb/UUT/XLXI_1/ : Warning: CONV_INTEGER: There is an 'U'|'X'|'W'|'Z'|'-' in an arithmetic operand, and it has been converted to 0.
at 600 ns(3), Instance /gray_schemat_gray_schemat_sch_tb/UUT/XLXI_1/ : Warning: CONV_INTEGER: There is an 'U'|'X'|'W'|'Z'|'-' in an arithmetic operand, and it has been converted to 0.
at 605 ns(1), Instance /gray_schemat_gray_schemat_sch_tb/UUT/XLXI_1/ : Warning: CONV_INTEGER: There is an 'U'|'X'|'W'|'Z'|'-' in an arithmetic operand, and it has been converted to 0.
at 620 ns, Instance /gray_schemat_gray_schemat_sch_tb/UUT/XLXI_1/ : Warning: CONV_INTEGER: There is an 'U'|'X'|'W'|'Z'|'-' in an arithmetic operand, and it has been converted to 0.
at 620 ns(1), Instance /gray_schemat_gray_schemat_sch_tb/UUT/XLXI_1/ : Warning: CONV_INTEGER: There is an 'U'|'X'|'W'|'Z'|'-' in an arithmetic operand, and it has been converted to 0.
at 620 ns(2), Instance /gray_schemat_gray_schemat_sch_tb/UUT/XLXI_1/ : Warning: CONV_INTEGER: There is an 'U'|'X'|'W'|'Z'|'-' in an arithmetic operand, and it has been converted to 0.
at 620 ns(3), Instance /gray_schemat_gray_schemat_sch_tb/UUT/XLXI_1/ : Warning: CONV_INTEGER: There is an 'U'|'X'|'W'|'Z'|'-' in an arithmetic operand, and it has been converted to 0.
at 625 ns(1), Instance /gray_schemat_gray_schemat_sch_tb/UUT/XLXI_1/ : Warning: CONV_INTEGER: There is an 'U'|'X'|'W'|'Z'|'-' in an arithmetic operand, and it has been converted to 0.
at 625 ns(2), Instance /gray_schemat_gray_schemat_sch_tb/UUT/XLXI_1/ : Warning: CONV_INTEGER: There is an 'U'|'X'|'W'|'Z'|'-' in an arithmetic operand, and it has been converted to 0.
at 625 ns(3), Instance /gray_schemat_gray_schemat_sch_tb/UUT/XLXI_1/ : Warning: CONV_INTEGER: There is an 'U'|'X'|'W'|'Z'|'-' in an arithmetic operand, and it has been converted to 0.
at 630 ns(1), Instance /gray_schemat_gray_schemat_sch_tb/UUT/XLXI_1/ : Warning: CONV_INTEGER: There is an 'U'|'X'|'W'|'Z'|'-' in an arithmetic operand, and it has been converted to 0.
at 630 ns(2), Instance /gray_schemat_gray_schemat_sch_tb/UUT/XLXI_1/ : Warning: CONV_INTEGER: There is an 'U'|'X'|'W'|'Z'|'-' in an arithmetic operand, and it has been converted to 0.
at 630 ns(3), Instance /gray_schemat_gray_schemat_sch_tb/UUT/XLXI_1/ : Warning: CONV_INTEGER: There is an 'U'|'X'|'W'|'Z'|'-' in an arithmetic operand, and it has been converted to 0.
at 640 ns, Instance /gray_schemat_gray_schemat_sch_tb/UUT/XLXI_1/ : Warning: CONV_INTEGER: There is an 'U'|'X'|'W'|'Z'|'-' in an arithmetic operand, and it has been converted to 0.
at 640 ns(1), Instance /gray_schemat_gray_schemat_sch_tb/UUT/XLXI_1/ : Warning: CONV_INTEGER: There is an 'U'|'X'|'W'|'Z'|'-' in an arithmetic operand, and it has been converted to 0.
at 640 ns(2), Instance /gray_schemat_gray_schemat_sch_tb/UUT/XLXI_1/ : Warning: CONV_INTEGER: There is an 'U'|'X'|'W'|'Z'|'-' in an arithmetic operand, and it has been converted to 0.
at 640 ns(3), Instance /gray_schemat_gray_schemat_sch_tb/UUT/XLXI_1/ : Warning: CONV_INTEGER: There is an 'U'|'X'|'W'|'Z'|'-' in an arithmetic operand, and it has been converted to 0.
at 650 ns(1), Instance /gray_schemat_gray_schemat_sch_tb/UUT/XLXI_1/ : Warning: CONV_INTEGER: There is an 'U'|'X'|'W'|'Z'|'-' in an arithmetic operand, and it has been converted to 0.
at 650 ns(2), Instance /gray_schemat_gray_schemat_sch_tb/UUT/XLXI_1/ : Warning: CONV_INTEGER: There is an 'U'|'X'|'W'|'Z'|'-' in an arithmetic operand, and it has been converted to 0.
at 650 ns(3), Instance /gray_schemat_gray_schemat_sch_tb/UUT/XLXI_1/ : Warning: CONV_INTEGER: There is an 'U'|'X'|'W'|'Z'|'-' in an arithmetic operand, and it has been converted to 0.
at 660 ns, Instance /gray_schemat_gray_schemat_sch_tb/UUT/XLXI_1/ : Warning: CONV_INTEGER: There is an 'U'|'X'|'W'|'Z'|'-' in an arithmetic operand, and it has been converted to 0.
at 660 ns(1), Instance /gray_schemat_gray_schemat_sch_tb/UUT/XLXI_1/ : Warning: CONV_INTEGER: There is an 'U'|'X'|'W'|'Z'|'-' in an arithmetic operand, and it has been converted to 0.
at 660 ns(2), Instance /gray_schemat_gray_schemat_sch_tb/UUT/XLXI_1/ : Warning: CONV_INTEGER: There is an 'U'|'X'|'W'|'Z'|'-' in an arithmetic operand, and it has been converted to 0.
at 660 ns(3), Instance /gray_schemat_gray_schemat_sch_tb/UUT/XLXI_1/ : Warning: CONV_INTEGER: There is an 'U'|'X'|'W'|'Z'|'-' in an arithmetic operand, and it has been converted to 0.
at 665 ns(1), Instance /gray_schemat_gray_schemat_sch_tb/UUT/XLXI_1/ : Warning: CONV_INTEGER: There is an 'U'|'X'|'W'|'Z'|'-' in an arithmetic operand, and it has been converted to 0.
at 675 ns(1), Instance /gray_schemat_gray_schemat_sch_tb/UUT/XLXI_1/ : Warning: CONV_INTEGER: There is an 'U'|'X'|'W'|'Z'|'-' in an arithmetic operand, and it has been converted to 0.
at 675 ns(2), Instance /gray_schemat_gray_schemat_sch_tb/UUT/XLXI_1/ : Warning: CONV_INTEGER: There is an 'U'|'X'|'W'|'Z'|'-' in an arithmetic operand, and it has been converted to 0.
at 675 ns(3), Instance /gray_schemat_gray_schemat_sch_tb/UUT/XLXI_1/ : Warning: CONV_INTEGER: There is an 'U'|'X'|'W'|'Z'|'-' in an arithmetic operand, and it has been converted to 0.
at 680 ns, Instance /gray_schemat_gray_schemat_sch_tb/UUT/XLXI_1/ : Warning: CONV_INTEGER: There is an 'U'|'X'|'W'|'Z'|'-' in an arithmetic operand, and it has been converted to 0.
at 680 ns(1), Instance /gray_schemat_gray_schemat_sch_tb/UUT/XLXI_1/ : Warning: CONV_INTEGER: There is an 'U'|'X'|'W'|'Z'|'-' in an arithmetic operand, and it has been converted to 0.
at 680 ns(2), Instance /gray_schemat_gray_schemat_sch_tb/UUT/XLXI_1/ : Warning: CONV_INTEGER: There is an 'U'|'X'|'W'|'Z'|'-' in an arithmetic operand, and it has been converted to 0.
at 680 ns(3), Instance /gray_schemat_gray_schemat_sch_tb/UUT/XLXI_1/ : Warning: CONV_INTEGER: There is an 'U'|'X'|'W'|'Z'|'-' in an arithmetic operand, and it has been converted to 0.
at 690 ns(1), Instance /gray_schemat_gray_schemat_sch_tb/UUT/XLXI_1/ : Warning: CONV_INTEGER: There is an 'U'|'X'|'W'|'Z'|'-' in an arithmetic operand, and it has been converted to 0.
at 690 ns(2), Instance /gray_schemat_gray_schemat_sch_tb/UUT/XLXI_1/ : Warning: CONV_INTEGER: There is an 'U'|'X'|'W'|'Z'|'-' in an arithmetic operand, and it has been converted to 0.
at 700 ns, Instance /gray_schemat_gray_schemat_sch_tb/UUT/XLXI_1/ : Warning: CONV_INTEGER: There is an 'U'|'X'|'W'|'Z'|'-' in an arithmetic operand, and it has been converted to 0.
at 700 ns(1), Instance /gray_schemat_gray_schemat_sch_tb/UUT/XLXI_1/ : Warning: CONV_INTEGER: There is an 'U'|'X'|'W'|'Z'|'-' in an arithmetic operand, and it has been converted to 0.
at 700 ns(2), Instance /gray_schemat_gray_schemat_sch_tb/UUT/XLXI_1/ : Warning: CONV_INTEGER: There is an 'U'|'X'|'W'|'Z'|'-' in an arithmetic operand, and it has been converted to 0.
at 715 ns(1), Instance /gray_schemat_gray_schemat_sch_tb/UUT/XLXI_1/ : Warning: CONV_INTEGER: There is an 'U'|'X'|'W'|'Z'|'-' in an arithmetic operand, and it has been converted to 0.
at 720 ns, Instance /gray_schemat_gray_schemat_sch_tb/UUT/XLXI_1/ : Warning: CONV_INTEGER: There is an 'U'|'X'|'W'|'Z'|'-' in an arithmetic operand, and it has been converted to 0.
at 720 ns(1), Instance /gray_schemat_gray_schemat_sch_tb/UUT/XLXI_1/ : Warning: CONV_INTEGER: There is an 'U'|'X'|'W'|'Z'|'-' in an arithmetic operand, and it has been converted to 0.
at 720 ns(2), Instance /gray_schemat_gray_schemat_sch_tb/UUT/XLXI_1/ : Warning: CONV_INTEGER: There is an 'U'|'X'|'W'|'Z'|'-' in an arithmetic operand, and it has been converted to 0.
at 720 ns(3), Instance /gray_schemat_gray_schemat_sch_tb/UUT/XLXI_1/ : Warning: CONV_INTEGER: There is an 'U'|'X'|'W'|'Z'|'-' in an arithmetic operand, and it has been converted to 0.
at 725 ns(1), Instance /gray_schemat_gray_schemat_sch_tb/UUT/XLXI_1/ : Warning: CONV_INTEGER: There is an 'U'|'X'|'W'|'Z'|'-' in an arithmetic operand, and it has been converted to 0.
at 725 ns(2), Instance /gray_schemat_gray_schemat_sch_tb/UUT/XLXI_1/ : Warning: CONV_INTEGER: There is an 'U'|'X'|'W'|'Z'|'-' in an arithmetic operand, and it has been converted to 0.
at 725 ns(3), Instance /gray_schemat_gray_schemat_sch_tb/UUT/XLXI_1/ : Warning: CONV_INTEGER: There is an 'U'|'X'|'W'|'Z'|'-' in an arithmetic operand, and it has been converted to 0.
at 735 ns(1), Instance /gray_schemat_gray_schemat_sch_tb/UUT/XLXI_1/ : Warning: CONV_INTEGER: There is an 'U'|'X'|'W'|'Z'|'-' in an arithmetic operand, and it has been converted to 0.
at 740 ns, Instance /gray_schemat_gray_schemat_sch_tb/UUT/XLXI_1/ : Warning: CONV_INTEGER: There is an 'U'|'X'|'W'|'Z'|'-' in an arithmetic operand, and it has been converted to 0.
at 740 ns(1), Instance /gray_schemat_gray_schemat_sch_tb/UUT/XLXI_1/ : Warning: CONV_INTEGER: There is an 'U'|'X'|'W'|'Z'|'-' in an arithmetic operand, and it has been converted to 0.
at 740 ns(2), Instance /gray_schemat_gray_schemat_sch_tb/UUT/XLXI_1/ : Warning: CONV_INTEGER: There is an 'U'|'X'|'W'|'Z'|'-' in an arithmetic operand, and it has been converted to 0.
at 740 ns(3), Instance /gray_schemat_gray_schemat_sch_tb/UUT/XLXI_1/ : Warning: CONV_INTEGER: There is an 'U'|'X'|'W'|'Z'|'-' in an arithmetic operand, and it has been converted to 0.
at 750 ns(1), Instance /gray_schemat_gray_schemat_sch_tb/UUT/XLXI_1/ : Warning: CONV_INTEGER: There is an 'U'|'X'|'W'|'Z'|'-' in an arithmetic operand, and it has been converted to 0.
at 750 ns(2), Instance /gray_schemat_gray_schemat_sch_tb/UUT/XLXI_1/ : Warning: CONV_INTEGER: There is an 'U'|'X'|'W'|'Z'|'-' in an arithmetic operand, and it has been converted to 0.
at 750 ns(3), Instance /gray_schemat_gray_schemat_sch_tb/UUT/XLXI_1/ : Warning: CONV_INTEGER: There is an 'U'|'X'|'W'|'Z'|'-' in an arithmetic operand, and it has been converted to 0.
at 760 ns, Instance /gray_schemat_gray_schemat_sch_tb/UUT/XLXI_1/ : Warning: CONV_INTEGER: There is an 'U'|'X'|'W'|'Z'|'-' in an arithmetic operand, and it has been converted to 0.
at 760 ns(1), Instance /gray_schemat_gray_schemat_sch_tb/UUT/XLXI_1/ : Warning: CONV_INTEGER: There is an 'U'|'X'|'W'|'Z'|'-' in an arithmetic operand, and it has been converted to 0.
at 760 ns(2), Instance /gray_schemat_gray_schemat_sch_tb/UUT/XLXI_1/ : Warning: CONV_INTEGER: There is an 'U'|'X'|'W'|'Z'|'-' in an arithmetic operand, and it has been converted to 0.
at 760 ns(3), Instance /gray_schemat_gray_schemat_sch_tb/UUT/XLXI_1/ : Warning: CONV_INTEGER: There is an 'U'|'X'|'W'|'Z'|'-' in an arithmetic operand, and it has been converted to 0.
at 765 ns(1), Instance /gray_schemat_gray_schemat_sch_tb/UUT/XLXI_1/ : Warning: CONV_INTEGER: There is an 'U'|'X'|'W'|'Z'|'-' in an arithmetic operand, and it has been converted to 0.
at 765 ns(2), Instance /gray_schemat_gray_schemat_sch_tb/UUT/XLXI_1/ : Warning: CONV_INTEGER: There is an 'U'|'X'|'W'|'Z'|'-' in an arithmetic operand, and it has been converted to 0.
at 765 ns(3), Instance /gray_schemat_gray_schemat_sch_tb/UUT/XLXI_1/ : Warning: CONV_INTEGER: There is an 'U'|'X'|'W'|'Z'|'-' in an arithmetic operand, and it has been converted to 0.
at 770 ns(1), Instance /gray_schemat_gray_schemat_sch_tb/UUT/XLXI_1/ : Warning: CONV_INTEGER: There is an 'U'|'X'|'W'|'Z'|'-' in an arithmetic operand, and it has been converted to 0.
at 775 ns(1), Instance /gray_schemat_gray_schemat_sch_tb/UUT/XLXI_1/ : Warning: CONV_INTEGER: There is an 'U'|'X'|'W'|'Z'|'-' in an arithmetic operand, and it has been converted to 0.
at 775 ns(2), Instance /gray_schemat_gray_schemat_sch_tb/UUT/XLXI_1/ : Warning: CONV_INTEGER: There is an 'U'|'X'|'W'|'Z'|'-' in an arithmetic operand, and it has been converted to 0.
at 775 ns(3), Instance /gray_schemat_gray_schemat_sch_tb/UUT/XLXI_1/ : Warning: CONV_INTEGER: There is an 'U'|'X'|'W'|'Z'|'-' in an arithmetic operand, and it has been converted to 0.
at 780 ns, Instance /gray_schemat_gray_schemat_sch_tb/UUT/XLXI_1/ : Warning: CONV_INTEGER: There is an 'U'|'X'|'W'|'Z'|'-' in an arithmetic operand, and it has been converted to 0.
at 780 ns(1), Instance /gray_schemat_gray_schemat_sch_tb/UUT/XLXI_1/ : Warning: CONV_INTEGER: There is an 'U'|'X'|'W'|'Z'|'-' in an arithmetic operand, and it has been converted to 0.
at 780 ns(2), Instance /gray_schemat_gray_schemat_sch_tb/UUT/XLXI_1/ : Warning: CONV_INTEGER: There is an 'U'|'X'|'W'|'Z'|'-' in an arithmetic operand, and it has been converted to 0.
at 780 ns(3), Instance /gray_schemat_gray_schemat_sch_tb/UUT/XLXI_1/ : Warning: CONV_INTEGER: There is an 'U'|'X'|'W'|'Z'|'-' in an arithmetic operand, and it has been converted to 0.
at 800 ns, Instance /gray_schemat_gray_schemat_sch_tb/UUT/XLXI_1/ : Warning: CONV_INTEGER: There is an 'U'|'X'|'W'|'Z'|'-' in an arithmetic operand, and it has been converted to 0.
at 800 ns(1), Instance /gray_schemat_gray_schemat_sch_tb/UUT/XLXI_1/ : Warning: CONV_INTEGER: There is an 'U'|'X'|'W'|'Z'|'-' in an arithmetic operand, and it has been converted to 0.
at 800 ns(2), Instance /gray_schemat_gray_schemat_sch_tb/UUT/XLXI_1/ : Warning: CONV_INTEGER: There is an 'U'|'X'|'W'|'Z'|'-' in an arithmetic operand, and it has been converted to 0.
at 800 ns(3), Instance /gray_schemat_gray_schemat_sch_tb/UUT/XLXI_1/ : Warning: CONV_INTEGER: There is an 'U'|'X'|'W'|'Z'|'-' in an arithmetic operand, and it has been converted to 0.
at 805 ns(1), Instance /gray_schemat_gray_schemat_sch_tb/UUT/XLXI_1/ : Warning: CONV_INTEGER: There is an 'U'|'X'|'W'|'Z'|'-' in an arithmetic operand, and it has been converted to 0.
at 810 ns(1), Instance /gray_schemat_gray_schemat_sch_tb/UUT/XLXI_1/ : Warning: CONV_INTEGER: There is an 'U'|'X'|'W'|'Z'|'-' in an arithmetic operand, and it has been converted to 0.
at 810 ns(2), Instance /gray_schemat_gray_schemat_sch_tb/UUT/XLXI_1/ : Warning: CONV_INTEGER: There is an 'U'|'X'|'W'|'Z'|'-' in an arithmetic operand, and it has been converted to 0.
at 810 ns(3), Instance /gray_schemat_gray_schemat_sch_tb/UUT/XLXI_1/ : Warning: CONV_INTEGER: There is an 'U'|'X'|'W'|'Z'|'-' in an arithmetic operand, and it has been converted to 0.
at 820 ns, Instance /gray_schemat_gray_schemat_sch_tb/UUT/XLXI_1/ : Warning: CONV_INTEGER: There is an 'U'|'X'|'W'|'Z'|'-' in an arithmetic operand, and it has been converted to 0.
at 820 ns(1), Instance /gray_schemat_gray_schemat_sch_tb/UUT/XLXI_1/ : Warning: CONV_INTEGER: There is an 'U'|'X'|'W'|'Z'|'-' in an arithmetic operand, and it has been converted to 0.
at 820 ns(2), Instance /gray_schemat_gray_schemat_sch_tb/UUT/XLXI_1/ : Warning: CONV_INTEGER: There is an 'U'|'X'|'W'|'Z'|'-' in an arithmetic operand, and it has been converted to 0.
at 820 ns(3), Instance /gray_schemat_gray_schemat_sch_tb/UUT/XLXI_1/ : Warning: CONV_INTEGER: There is an 'U'|'X'|'W'|'Z'|'-' in an arithmetic operand, and it has been converted to 0.
at 825 ns(1), Instance /gray_schemat_gray_schemat_sch_tb/UUT/XLXI_1/ : Warning: CONV_INTEGER: There is an 'U'|'X'|'W'|'Z'|'-' in an arithmetic operand, and it has been converted to 0.
at 825 ns(2), Instance /gray_schemat_gray_schemat_sch_tb/UUT/XLXI_1/ : Warning: CONV_INTEGER: There is an 'U'|'X'|'W'|'Z'|'-' in an arithmetic operand, and it has been converted to 0.
at 825 ns(3), Instance /gray_schemat_gray_schemat_sch_tb/UUT/XLXI_1/ : Warning: CONV_INTEGER: There is an 'U'|'X'|'W'|'Z'|'-' in an arithmetic operand, and it has been converted to 0.
at 840 ns, Instance /gray_schemat_gray_schemat_sch_tb/UUT/XLXI_1/ : Warning: CONV_INTEGER: There is an 'U'|'X'|'W'|'Z'|'-' in an arithmetic operand, and it has been converted to 0.
at 840 ns(1), Instance /gray_schemat_gray_schemat_sch_tb/UUT/XLXI_1/ : Warning: CONV_INTEGER: There is an 'U'|'X'|'W'|'Z'|'-' in an arithmetic operand, and it has been converted to 0.
at 840 ns(2), Instance /gray_schemat_gray_schemat_sch_tb/UUT/XLXI_1/ : Warning: CONV_INTEGER: There is an 'U'|'X'|'W'|'Z'|'-' in an arithmetic operand, and it has been converted to 0.
at 840 ns(3), Instance /gray_schemat_gray_schemat_sch_tb/UUT/XLXI_1/ : Warning: CONV_INTEGER: There is an 'U'|'X'|'W'|'Z'|'-' in an arithmetic operand, and it has been converted to 0.
at 850 ns(1), Instance /gray_schemat_gray_schemat_sch_tb/UUT/XLXI_1/ : Warning: CONV_INTEGER: There is an 'U'|'X'|'W'|'Z'|'-' in an arithmetic operand, and it has been converted to 0.
at 850 ns(2), Instance /gray_schemat_gray_schemat_sch_tb/UUT/XLXI_1/ : Warning: CONV_INTEGER: There is an 'U'|'X'|'W'|'Z'|'-' in an arithmetic operand, and it has been converted to 0.
at 850 ns(3), Instance /gray_schemat_gray_schemat_sch_tb/UUT/XLXI_1/ : Warning: CONV_INTEGER: There is an 'U'|'X'|'W'|'Z'|'-' in an arithmetic operand, and it has been converted to 0.
at 855 ns(1), Instance /gray_schemat_gray_schemat_sch_tb/UUT/XLXI_1/ : Warning: CONV_INTEGER: There is an 'U'|'X'|'W'|'Z'|'-' in an arithmetic operand, and it has been converted to 0.
at 855 ns(2), Instance /gray_schemat_gray_schemat_sch_tb/UUT/XLXI_1/ : Warning: CONV_INTEGER: There is an 'U'|'X'|'W'|'Z'|'-' in an arithmetic operand, and it has been converted to 0.
at 855 ns(3), Instance /gray_schemat_gray_schemat_sch_tb/UUT/XLXI_1/ : Warning: CONV_INTEGER: There is an 'U'|'X'|'W'|'Z'|'-' in an arithmetic operand, and it has been converted to 0.
at 860 ns, Instance /gray_schemat_gray_schemat_sch_tb/UUT/XLXI_1/ : Warning: CONV_INTEGER: There is an 'U'|'X'|'W'|'Z'|'-' in an arithmetic operand, and it has been converted to 0.
at 860 ns(1), Instance /gray_schemat_gray_schemat_sch_tb/UUT/XLXI_1/ : Warning: CONV_INTEGER: There is an 'U'|'X'|'W'|'Z'|'-' in an arithmetic operand, and it has been converted to 0.
at 860 ns(2), Instance /gray_schemat_gray_schemat_sch_tb/UUT/XLXI_1/ : Warning: CONV_INTEGER: There is an 'U'|'X'|'W'|'Z'|'-' in an arithmetic operand, and it has been converted to 0.
at 860 ns(3), Instance /gray_schemat_gray_schemat_sch_tb/UUT/XLXI_1/ : Warning: CONV_INTEGER: There is an 'U'|'X'|'W'|'Z'|'-' in an arithmetic operand, and it has been converted to 0.
at 870 ns(1), Instance /gray_schemat_gray_schemat_sch_tb/UUT/XLXI_1/ : Warning: CONV_INTEGER: There is an 'U'|'X'|'W'|'Z'|'-' in an arithmetic operand, and it has been converted to 0.
at 870 ns(2), Instance /gray_schemat_gray_schemat_sch_tb/UUT/XLXI_1/ : Warning: CONV_INTEGER: There is an 'U'|'X'|'W'|'Z'|'-' in an arithmetic operand, and it has been converted to 0.
at 875 ns(1), Instance /gray_schemat_gray_schemat_sch_tb/UUT/XLXI_1/ : Warning: CONV_INTEGER: There is an 'U'|'X'|'W'|'Z'|'-' in an arithmetic operand, and it has been converted to 0.
at 875 ns(2), Instance /gray_schemat_gray_schemat_sch_tb/UUT/XLXI_1/ : Warning: CONV_INTEGER: There is an 'U'|'X'|'W'|'Z'|'-' in an arithmetic operand, and it has been converted to 0.
at 875 ns(3), Instance /gray_schemat_gray_schemat_sch_tb/UUT/XLXI_1/ : Warning: CONV_INTEGER: There is an 'U'|'X'|'W'|'Z'|'-' in an arithmetic operand, and it has been converted to 0.
at 880 ns, Instance /gray_schemat_gray_schemat_sch_tb/UUT/XLXI_1/ : Warning: CONV_INTEGER: There is an 'U'|'X'|'W'|'Z'|'-' in an arithmetic operand, and it has been converted to 0.
at 880 ns(1), Instance /gray_schemat_gray_schemat_sch_tb/UUT/XLXI_1/ : Warning: CONV_INTEGER: There is an 'U'|'X'|'W'|'Z'|'-' in an arithmetic operand, and it has been converted to 0.
at 880 ns(2), Instance /gray_schemat_gray_schemat_sch_tb/UUT/XLXI_1/ : Warning: CONV_INTEGER: There is an 'U'|'X'|'W'|'Z'|'-' in an arithmetic operand, and it has been converted to 0.
at 880 ns(3), Instance /gray_schemat_gray_schemat_sch_tb/UUT/XLXI_1/ : Warning: CONV_INTEGER: There is an 'U'|'X'|'W'|'Z'|'-' in an arithmetic operand, and it has been converted to 0.
at 900 ns, Instance /gray_schemat_gray_schemat_sch_tb/UUT/XLXI_1/ : Warning: CONV_INTEGER: There is an 'U'|'X'|'W'|'Z'|'-' in an arithmetic operand, and it has been converted to 0.
at 900 ns(1), Instance /gray_schemat_gray_schemat_sch_tb/UUT/XLXI_1/ : Warning: CONV_INTEGER: There is an 'U'|'X'|'W'|'Z'|'-' in an arithmetic operand, and it has been converted to 0.
at 900 ns(2), Instance /gray_schemat_gray_schemat_sch_tb/UUT/XLXI_1/ : Warning: CONV_INTEGER: There is an 'U'|'X'|'W'|'Z'|'-' in an arithmetic operand, and it has been converted to 0.
at 900 ns(3), Instance /gray_schemat_gray_schemat_sch_tb/UUT/XLXI_1/ : Warning: CONV_INTEGER: There is an 'U'|'X'|'W'|'Z'|'-' in an arithmetic operand, and it has been converted to 0.
at 910 ns(1), Instance /gray_schemat_gray_schemat_sch_tb/UUT/XLXI_1/ : Warning: CONV_INTEGER: There is an 'U'|'X'|'W'|'Z'|'-' in an arithmetic operand, and it has been converted to 0.
at 920 ns, Instance /gray_schemat_gray_schemat_sch_tb/UUT/XLXI_1/ : Warning: CONV_INTEGER: There is an 'U'|'X'|'W'|'Z'|'-' in an arithmetic operand, and it has been converted to 0.
at 920 ns(1), Instance /gray_schemat_gray_schemat_sch_tb/UUT/XLXI_1/ : Warning: CONV_INTEGER: There is an 'U'|'X'|'W'|'Z'|'-' in an arithmetic operand, and it has been converted to 0.
at 920 ns(2), Instance /gray_schemat_gray_schemat_sch_tb/UUT/XLXI_1/ : Warning: CONV_INTEGER: There is an 'U'|'X'|'W'|'Z'|'-' in an arithmetic operand, and it has been converted to 0.
at 920 ns(3), Instance /gray_schemat_gray_schemat_sch_tb/UUT/XLXI_1/ : Warning: CONV_INTEGER: There is an 'U'|'X'|'W'|'Z'|'-' in an arithmetic operand, and it has been converted to 0.
at 925 ns(1), Instance /gray_schemat_gray_schemat_sch_tb/UUT/XLXI_1/ : Warning: CONV_INTEGER: There is an 'U'|'X'|'W'|'Z'|'-' in an arithmetic operand, and it has been converted to 0.
at 925 ns(2), Instance /gray_schemat_gray_schemat_sch_tb/UUT/XLXI_1/ : Warning: CONV_INTEGER: There is an 'U'|'X'|'W'|'Z'|'-' in an arithmetic operand, and it has been converted to 0.
at 925 ns(3), Instance /gray_schemat_gray_schemat_sch_tb/UUT/XLXI_1/ : Warning: CONV_INTEGER: There is an 'U'|'X'|'W'|'Z'|'-' in an arithmetic operand, and it has been converted to 0.
at 930 ns(1), Instance /gray_schemat_gray_schemat_sch_tb/UUT/XLXI_1/ : Warning: CONV_INTEGER: There is an 'U'|'X'|'W'|'Z'|'-' in an arithmetic operand, and it has been converted to 0.
at 930 ns(2), Instance /gray_schemat_gray_schemat_sch_tb/UUT/XLXI_1/ : Warning: CONV_INTEGER: There is an 'U'|'X'|'W'|'Z'|'-' in an arithmetic operand, and it has been converted to 0.
at 935 ns(1), Instance /gray_schemat_gray_schemat_sch_tb/UUT/XLXI_1/ : Warning: CONV_INTEGER: There is an 'U'|'X'|'W'|'Z'|'-' in an arithmetic operand, and it has been converted to 0.
at 940 ns, Instance /gray_schemat_gray_schemat_sch_tb/UUT/XLXI_1/ : Warning: CONV_INTEGER: There is an 'U'|'X'|'W'|'Z'|'-' in an arithmetic operand, and it has been converted to 0.
at 940 ns(1), Instance /gray_schemat_gray_schemat_sch_tb/UUT/XLXI_1/ : Warning: CONV_INTEGER: There is an 'U'|'X'|'W'|'Z'|'-' in an arithmetic operand, and it has been converted to 0.
at 940 ns(2), Instance /gray_schemat_gray_schemat_sch_tb/UUT/XLXI_1/ : Warning: CONV_INTEGER: There is an 'U'|'X'|'W'|'Z'|'-' in an arithmetic operand, and it has been converted to 0.
at 940 ns(3), Instance /gray_schemat_gray_schemat_sch_tb/UUT/XLXI_1/ : Warning: CONV_INTEGER: There is an 'U'|'X'|'W'|'Z'|'-' in an arithmetic operand, and it has been converted to 0.
at 945 ns(1), Instance /gray_schemat_gray_schemat_sch_tb/UUT/XLXI_1/ : Warning: CONV_INTEGER: There is an 'U'|'X'|'W'|'Z'|'-' in an arithmetic operand, and it has been converted to 0.
at 945 ns(2), Instance /gray_schemat_gray_schemat_sch_tb/UUT/XLXI_1/ : Warning: CONV_INTEGER: There is an 'U'|'X'|'W'|'Z'|'-' in an arithmetic operand, and it has been converted to 0.
at 945 ns(3), Instance /gray_schemat_gray_schemat_sch_tb/UUT/XLXI_1/ : Warning: CONV_INTEGER: There is an 'U'|'X'|'W'|'Z'|'-' in an arithmetic operand, and it has been converted to 0.
at 950 ns(1), Instance /gray_schemat_gray_schemat_sch_tb/UUT/XLXI_1/ : Warning: CONV_INTEGER: There is an 'U'|'X'|'W'|'Z'|'-' in an arithmetic operand, and it has been converted to 0.
at 950 ns(2), Instance /gray_schemat_gray_schemat_sch_tb/UUT/XLXI_1/ : Warning: CONV_INTEGER: There is an 'U'|'X'|'W'|'Z'|'-' in an arithmetic operand, and it has been converted to 0.
at 950 ns(3), Instance /gray_schemat_gray_schemat_sch_tb/UUT/XLXI_1/ : Warning: CONV_INTEGER: There is an 'U'|'X'|'W'|'Z'|'-' in an arithmetic operand, and it has been converted to 0.
at 960 ns, Instance /gray_schemat_gray_schemat_sch_tb/UUT/XLXI_1/ : Warning: CONV_INTEGER: There is an 'U'|'X'|'W'|'Z'|'-' in an arithmetic operand, and it has been converted to 0.
at 960 ns(1), Instance /gray_schemat_gray_schemat_sch_tb/UUT/XLXI_1/ : Warning: CONV_INTEGER: There is an 'U'|'X'|'W'|'Z'|'-' in an arithmetic operand, and it has been converted to 0.
at 960 ns(2), Instance /gray_schemat_gray_schemat_sch_tb/UUT/XLXI_1/ : Warning: CONV_INTEGER: There is an 'U'|'X'|'W'|'Z'|'-' in an arithmetic operand, and it has been converted to 0.
at 960 ns(3), Instance /gray_schemat_gray_schemat_sch_tb/UUT/XLXI_1/ : Warning: CONV_INTEGER: There is an 'U'|'X'|'W'|'Z'|'-' in an arithmetic operand, and it has been converted to 0.
at 975 ns(1), Instance /gray_schemat_gray_schemat_sch_tb/UUT/XLXI_1/ : Warning: CONV_INTEGER: There is an 'U'|'X'|'W'|'Z'|'-' in an arithmetic operand, and it has been converted to 0.
at 975 ns(2), Instance /gray_schemat_gray_schemat_sch_tb/UUT/XLXI_1/ : Warning: CONV_INTEGER: There is an 'U'|'X'|'W'|'Z'|'-' in an arithmetic operand, and it has been converted to 0.
at 975 ns(3), Instance /gray_schemat_gray_schemat_sch_tb/UUT/XLXI_1/ : Warning: CONV_INTEGER: There is an 'U'|'X'|'W'|'Z'|'-' in an arithmetic operand, and it has been converted to 0.
at 980 ns, Instance /gray_schemat_gray_schemat_sch_tb/UUT/XLXI_1/ : Warning: CONV_INTEGER: There is an 'U'|'X'|'W'|'Z'|'-' in an arithmetic operand, and it has been converted to 0.
at 980 ns(1), Instance /gray_schemat_gray_schemat_sch_tb/UUT/XLXI_1/ : Warning: CONV_INTEGER: There is an 'U'|'X'|'W'|'Z'|'-' in an arithmetic operand, and it has been converted to 0.
at 980 ns(2), Instance /gray_schemat_gray_schemat_sch_tb/UUT/XLXI_1/ : Warning: CONV_INTEGER: There is an 'U'|'X'|'W'|'Z'|'-' in an arithmetic operand, and it has been converted to 0.
at 980 ns(3), Instance /gray_schemat_gray_schemat_sch_tb/UUT/XLXI_1/ : Warning: CONV_INTEGER: There is an 'U'|'X'|'W'|'Z'|'-' in an arithmetic operand, and it has been converted to 0.
at 990 ns(1), Instance /gray_schemat_gray_schemat_sch_tb/UUT/XLXI_1/ : Warning: CONV_INTEGER: There is an 'U'|'X'|'W'|'Z'|'-' in an arithmetic operand, and it has been converted to 0.
at 990 ns(2), Instance /gray_schemat_gray_schemat_sch_tb/UUT/XLXI_1/ : Warning: CONV_INTEGER: There is an 'U'|'X'|'W'|'Z'|'-' in an arithmetic operand, and it has been converted to 0.
at 990 ns(3), Instance /gray_schemat_gray_schemat_sch_tb/UUT/XLXI_1/ : Warning: CONV_INTEGER: There is an 'U'|'X'|'W'|'Z'|'-' in an arithmetic operand, and it has been converted to 0.
at 1 us, Instance /gray_schemat_gray_schemat_sch_tb/UUT/XLXI_1/ : Warning: CONV_INTEGER: There is an 'U'|'X'|'W'|'Z'|'-' in an arithmetic operand, and it has been converted to 0.
at 1 us(1), Instance /gray_schemat_gray_schemat_sch_tb/UUT/XLXI_1/ : Warning: CONV_INTEGER: There is an 'U'|'X'|'W'|'Z'|'-' in an arithmetic operand, and it has been converted to 0.
at 1 us(2), Instance /gray_schemat_gray_schemat_sch_tb/UUT/XLXI_1/ : Warning: CONV_INTEGER: There is an 'U'|'X'|'W'|'Z'|'-' in an arithmetic operand, and it has been converted to 0.
at 1 us(3), Instance /gray_schemat_gray_schemat_sch_tb/UUT/XLXI_1/ : Warning: CONV_INTEGER: There is an 'U'|'X'|'W'|'Z'|'-' in an arithmetic operand, and it has been converted to 0.
