ISim log file
Running: D:\Xilinx_programy\hex_ascii\hex_ascii_schem_hex_ascii_schem_sch_tb_isim_beh.exe -intstyle ise -gui -tclbatch isim.cmd -wdb D:/Xilinx_programy/hex_ascii/hex_ascii_schem_hex_ascii_schem_sch_tb_isim_beh.wdb 
ISim P.20131013 (signature 0x7708f090)
WARNING: A WEBPACK license was found.
WARNING: Please use Xilinx License Configuration Manager to check out a full ISim license.
WARNING: ISim will run in Lite mode. Please refer to the ISim documentation for more information on the differences between the Lite and the Full version.
This is a Lite version of ISim.
Time resolution is 1 ps
# onerror resume
# wave add /
# run 1000 ns
Simulator is doing circuit initialization process.
at 0 ps, Instance /hex_ascii_schem_hex_ascii_schem_sch_tb/UUT/XLXI_2/ : Warning: There is an 'U'|'X'|'W'|'Z'|'-' in an arithmetic operand, the result will be 'X'(es).
at 0 ps, Instance /hex_ascii_schem_hex_ascii_schem_sch_tb/UUT/XLXI_25/ : Warning: CONV_INTEGER: There is an 'U'|'X'|'W'|'Z'|'-' in an arithmetic operand, and it has been converted to 0.
at 0 ps, Instance /hex_ascii_schem_hex_ascii_schem_sch_tb/UUT/XLXI_26/ : Warning: CONV_INTEGER: There is an 'U'|'X'|'W'|'Z'|'-' in an arithmetic operand, and it has been converted to 0.
Finished circuit initialization process.
at 10 ns, Instance /hex_ascii_schem_hex_ascii_schem_sch_tb/UUT/XLXI_25/ : Warning: CONV_INTEGER: There is an 'U'|'X'|'W'|'Z'|'-' in an arithmetic operand, and it has been converted to 0.
at 20 ns, Instance /hex_ascii_schem_hex_ascii_schem_sch_tb/UUT/XLXI_25/ : Warning: CONV_INTEGER: There is an 'U'|'X'|'W'|'Z'|'-' in an arithmetic operand, and it has been converted to 0.
at 30 ns, Instance /hex_ascii_schem_hex_ascii_schem_sch_tb/UUT/XLXI_25/ : Warning: CONV_INTEGER: There is an 'U'|'X'|'W'|'Z'|'-' in an arithmetic operand, and it has been converted to 0.
at 40 ns, Instance /hex_ascii_schem_hex_ascii_schem_sch_tb/UUT/XLXI_25/ : Warning: CONV_INTEGER: There is an 'U'|'X'|'W'|'Z'|'-' in an arithmetic operand, and it has been converted to 0.
at 50 ns, Instance /hex_ascii_schem_hex_ascii_schem_sch_tb/UUT/XLXI_25/ : Warning: CONV_INTEGER: There is an 'U'|'X'|'W'|'Z'|'-' in an arithmetic operand, and it has been converted to 0.
at 60 ns, Instance /hex_ascii_schem_hex_ascii_schem_sch_tb/UUT/XLXI_25/ : Warning: CONV_INTEGER: There is an 'U'|'X'|'W'|'Z'|'-' in an arithmetic operand, and it has been converted to 0.
at 70 ns, Instance /hex_ascii_schem_hex_ascii_schem_sch_tb/UUT/XLXI_25/ : Warning: CONV_INTEGER: There is an 'U'|'X'|'W'|'Z'|'-' in an arithmetic operand, and it has been converted to 0.
at 80 ns, Instance /hex_ascii_schem_hex_ascii_schem_sch_tb/UUT/XLXI_25/ : Warning: CONV_INTEGER: There is an 'U'|'X'|'W'|'Z'|'-' in an arithmetic operand, and it has been converted to 0.
at 90 ns, Instance /hex_ascii_schem_hex_ascii_schem_sch_tb/UUT/XLXI_25/ : Warning: CONV_INTEGER: There is an 'U'|'X'|'W'|'Z'|'-' in an arithmetic operand, and it has been converted to 0.
at 100 ns, Instance /hex_ascii_schem_hex_ascii_schem_sch_tb/UUT/XLXI_25/ : Warning: CONV_INTEGER: There is an 'U'|'X'|'W'|'Z'|'-' in an arithmetic operand, and it has been converted to 0.
at 110 ns, Instance /hex_ascii_schem_hex_ascii_schem_sch_tb/UUT/XLXI_25/ : Warning: CONV_INTEGER: There is an 'U'|'X'|'W'|'Z'|'-' in an arithmetic operand, and it has been converted to 0.
at 120 ns, Instance /hex_ascii_schem_hex_ascii_schem_sch_tb/UUT/XLXI_25/ : Warning: CONV_INTEGER: There is an 'U'|'X'|'W'|'Z'|'-' in an arithmetic operand, and it has been converted to 0.
at 130 ns, Instance /hex_ascii_schem_hex_ascii_schem_sch_tb/UUT/XLXI_25/ : Warning: CONV_INTEGER: There is an 'U'|'X'|'W'|'Z'|'-' in an arithmetic operand, and it has been converted to 0.
at 140 ns, Instance /hex_ascii_schem_hex_ascii_schem_sch_tb/UUT/XLXI_25/ : Warning: CONV_INTEGER: There is an 'U'|'X'|'W'|'Z'|'-' in an arithmetic operand, and it has been converted to 0.
at 150 ns, Instance /hex_ascii_schem_hex_ascii_schem_sch_tb/UUT/XLXI_25/ : Warning: CONV_INTEGER: There is an 'U'|'X'|'W'|'Z'|'-' in an arithmetic operand, and it has been converted to 0.
at 160 ns, Instance /hex_ascii_schem_hex_ascii_schem_sch_tb/UUT/XLXI_25/ : Warning: CONV_INTEGER: There is an 'U'|'X'|'W'|'Z'|'-' in an arithmetic operand, and it has been converted to 0.
at 170 ns, Instance /hex_ascii_schem_hex_ascii_schem_sch_tb/UUT/XLXI_25/ : Warning: CONV_INTEGER: There is an 'U'|'X'|'W'|'Z'|'-' in an arithmetic operand, and it has been converted to 0.
at 180 ns, Instance /hex_ascii_schem_hex_ascii_schem_sch_tb/UUT/XLXI_25/ : Warning: CONV_INTEGER: There is an 'U'|'X'|'W'|'Z'|'-' in an arithmetic operand, and it has been converted to 0.
at 190 ns, Instance /hex_ascii_schem_hex_ascii_schem_sch_tb/UUT/XLXI_25/ : Warning: CONV_INTEGER: There is an 'U'|'X'|'W'|'Z'|'-' in an arithmetic operand, and it has been converted to 0.
at 200 ns, Instance /hex_ascii_schem_hex_ascii_schem_sch_tb/UUT/XLXI_25/ : Warning: CONV_INTEGER: There is an 'U'|'X'|'W'|'Z'|'-' in an arithmetic operand, and it has been converted to 0.
at 210 ns, Instance /hex_ascii_schem_hex_ascii_schem_sch_tb/UUT/XLXI_25/ : Warning: CONV_INTEGER: There is an 'U'|'X'|'W'|'Z'|'-' in an arithmetic operand, and it has been converted to 0.
at 220 ns, Instance /hex_ascii_schem_hex_ascii_schem_sch_tb/UUT/XLXI_25/ : Warning: CONV_INTEGER: There is an 'U'|'X'|'W'|'Z'|'-' in an arithmetic operand, and it has been converted to 0.
at 230 ns, Instance /hex_ascii_schem_hex_ascii_schem_sch_tb/UUT/XLXI_25/ : Warning: CONV_INTEGER: There is an 'U'|'X'|'W'|'Z'|'-' in an arithmetic operand, and it has been converted to 0.
at 240 ns, Instance /hex_ascii_schem_hex_ascii_schem_sch_tb/UUT/XLXI_25/ : Warning: CONV_INTEGER: There is an 'U'|'X'|'W'|'Z'|'-' in an arithmetic operand, and it has been converted to 0.
at 250 ns, Instance /hex_ascii_schem_hex_ascii_schem_sch_tb/UUT/XLXI_25/ : Warning: CONV_INTEGER: There is an 'U'|'X'|'W'|'Z'|'-' in an arithmetic operand, and it has been converted to 0.
at 260 ns, Instance /hex_ascii_schem_hex_ascii_schem_sch_tb/UUT/XLXI_25/ : Warning: CONV_INTEGER: There is an 'U'|'X'|'W'|'Z'|'-' in an arithmetic operand, and it has been converted to 0.
at 270 ns, Instance /hex_ascii_schem_hex_ascii_schem_sch_tb/UUT/XLXI_25/ : Warning: CONV_INTEGER: There is an 'U'|'X'|'W'|'Z'|'-' in an arithmetic operand, and it has been converted to 0.
at 280 ns, Instance /hex_ascii_schem_hex_ascii_schem_sch_tb/UUT/XLXI_25/ : Warning: CONV_INTEGER: There is an 'U'|'X'|'W'|'Z'|'-' in an arithmetic operand, and it has been converted to 0.
at 290 ns, Instance /hex_ascii_schem_hex_ascii_schem_sch_tb/UUT/XLXI_25/ : Warning: CONV_INTEGER: There is an 'U'|'X'|'W'|'Z'|'-' in an arithmetic operand, and it has been converted to 0.
at 300 ns, Instance /hex_ascii_schem_hex_ascii_schem_sch_tb/UUT/XLXI_25/ : Warning: CONV_INTEGER: There is an 'U'|'X'|'W'|'Z'|'-' in an arithmetic operand, and it has been converted to 0.
at 310 ns, Instance /hex_ascii_schem_hex_ascii_schem_sch_tb/UUT/XLXI_25/ : Warning: CONV_INTEGER: There is an 'U'|'X'|'W'|'Z'|'-' in an arithmetic operand, and it has been converted to 0.
at 320 ns, Instance /hex_ascii_schem_hex_ascii_schem_sch_tb/UUT/XLXI_25/ : Warning: CONV_INTEGER: There is an 'U'|'X'|'W'|'Z'|'-' in an arithmetic operand, and it has been converted to 0.
at 330 ns, Instance /hex_ascii_schem_hex_ascii_schem_sch_tb/UUT/XLXI_25/ : Warning: CONV_INTEGER: There is an 'U'|'X'|'W'|'Z'|'-' in an arithmetic operand, and it has been converted to 0.
at 340 ns, Instance /hex_ascii_schem_hex_ascii_schem_sch_tb/UUT/XLXI_25/ : Warning: CONV_INTEGER: There is an 'U'|'X'|'W'|'Z'|'-' in an arithmetic operand, and it has been converted to 0.
at 350 ns, Instance /hex_ascii_schem_hex_ascii_schem_sch_tb/UUT/XLXI_25/ : Warning: CONV_INTEGER: There is an 'U'|'X'|'W'|'Z'|'-' in an arithmetic operand, and it has been converted to 0.
at 360 ns, Instance /hex_ascii_schem_hex_ascii_schem_sch_tb/UUT/XLXI_25/ : Warning: CONV_INTEGER: There is an 'U'|'X'|'W'|'Z'|'-' in an arithmetic operand, and it has been converted to 0.
at 370 ns, Instance /hex_ascii_schem_hex_ascii_schem_sch_tb/UUT/XLXI_25/ : Warning: CONV_INTEGER: There is an 'U'|'X'|'W'|'Z'|'-' in an arithmetic operand, and it has been converted to 0.
at 380 ns, Instance /hex_ascii_schem_hex_ascii_schem_sch_tb/UUT/XLXI_25/ : Warning: CONV_INTEGER: There is an 'U'|'X'|'W'|'Z'|'-' in an arithmetic operand, and it has been converted to 0.
at 390 ns, Instance /hex_ascii_schem_hex_ascii_schem_sch_tb/UUT/XLXI_25/ : Warning: CONV_INTEGER: There is an 'U'|'X'|'W'|'Z'|'-' in an arithmetic operand, and it has been converted to 0.
at 400 ns, Instance /hex_ascii_schem_hex_ascii_schem_sch_tb/UUT/XLXI_25/ : Warning: CONV_INTEGER: There is an 'U'|'X'|'W'|'Z'|'-' in an arithmetic operand, and it has been converted to 0.
at 410 ns, Instance /hex_ascii_schem_hex_ascii_schem_sch_tb/UUT/XLXI_25/ : Warning: CONV_INTEGER: There is an 'U'|'X'|'W'|'Z'|'-' in an arithmetic operand, and it has been converted to 0.
at 420 ns, Instance /hex_ascii_schem_hex_ascii_schem_sch_tb/UUT/XLXI_25/ : Warning: CONV_INTEGER: There is an 'U'|'X'|'W'|'Z'|'-' in an arithmetic operand, and it has been converted to 0.
at 430 ns, Instance /hex_ascii_schem_hex_ascii_schem_sch_tb/UUT/XLXI_25/ : Warning: CONV_INTEGER: There is an 'U'|'X'|'W'|'Z'|'-' in an arithmetic operand, and it has been converted to 0.
at 440 ns, Instance /hex_ascii_schem_hex_ascii_schem_sch_tb/UUT/XLXI_25/ : Warning: CONV_INTEGER: There is an 'U'|'X'|'W'|'Z'|'-' in an arithmetic operand, and it has been converted to 0.
at 450 ns, Instance /hex_ascii_schem_hex_ascii_schem_sch_tb/UUT/XLXI_25/ : Warning: CONV_INTEGER: There is an 'U'|'X'|'W'|'Z'|'-' in an arithmetic operand, and it has been converted to 0.
at 460 ns, Instance /hex_ascii_schem_hex_ascii_schem_sch_tb/UUT/XLXI_25/ : Warning: CONV_INTEGER: There is an 'U'|'X'|'W'|'Z'|'-' in an arithmetic operand, and it has been converted to 0.
at 470 ns, Instance /hex_ascii_schem_hex_ascii_schem_sch_tb/UUT/XLXI_25/ : Warning: CONV_INTEGER: There is an 'U'|'X'|'W'|'Z'|'-' in an arithmetic operand, and it has been converted to 0.
at 480 ns, Instance /hex_ascii_schem_hex_ascii_schem_sch_tb/UUT/XLXI_25/ : Warning: CONV_INTEGER: There is an 'U'|'X'|'W'|'Z'|'-' in an arithmetic operand, and it has been converted to 0.
at 490 ns, Instance /hex_ascii_schem_hex_ascii_schem_sch_tb/UUT/XLXI_25/ : Warning: CONV_INTEGER: There is an 'U'|'X'|'W'|'Z'|'-' in an arithmetic operand, and it has been converted to 0.
at 500 ns, Instance /hex_ascii_schem_hex_ascii_schem_sch_tb/UUT/XLXI_25/ : Warning: CONV_INTEGER: There is an 'U'|'X'|'W'|'Z'|'-' in an arithmetic operand, and it has been converted to 0.
at 510 ns, Instance /hex_ascii_schem_hex_ascii_schem_sch_tb/UUT/XLXI_25/ : Warning: CONV_INTEGER: There is an 'U'|'X'|'W'|'Z'|'-' in an arithmetic operand, and it has been converted to 0.
at 520 ns, Instance /hex_ascii_schem_hex_ascii_schem_sch_tb/UUT/XLXI_25/ : Warning: CONV_INTEGER: There is an 'U'|'X'|'W'|'Z'|'-' in an arithmetic operand, and it has been converted to 0.
at 530 ns, Instance /hex_ascii_schem_hex_ascii_schem_sch_tb/UUT/XLXI_25/ : Warning: CONV_INTEGER: There is an 'U'|'X'|'W'|'Z'|'-' in an arithmetic operand, and it has been converted to 0.
at 540 ns, Instance /hex_ascii_schem_hex_ascii_schem_sch_tb/UUT/XLXI_25/ : Warning: CONV_INTEGER: There is an 'U'|'X'|'W'|'Z'|'-' in an arithmetic operand, and it has been converted to 0.
at 550 ns, Instance /hex_ascii_schem_hex_ascii_schem_sch_tb/UUT/XLXI_25/ : Warning: CONV_INTEGER: There is an 'U'|'X'|'W'|'Z'|'-' in an arithmetic operand, and it has been converted to 0.
at 560 ns, Instance /hex_ascii_schem_hex_ascii_schem_sch_tb/UUT/XLXI_25/ : Warning: CONV_INTEGER: There is an 'U'|'X'|'W'|'Z'|'-' in an arithmetic operand, and it has been converted to 0.
at 570 ns, Instance /hex_ascii_schem_hex_ascii_schem_sch_tb/UUT/XLXI_25/ : Warning: CONV_INTEGER: There is an 'U'|'X'|'W'|'Z'|'-' in an arithmetic operand, and it has been converted to 0.
at 580 ns, Instance /hex_ascii_schem_hex_ascii_schem_sch_tb/UUT/XLXI_25/ : Warning: CONV_INTEGER: There is an 'U'|'X'|'W'|'Z'|'-' in an arithmetic operand, and it has been converted to 0.
at 590 ns, Instance /hex_ascii_schem_hex_ascii_schem_sch_tb/UUT/XLXI_25/ : Warning: CONV_INTEGER: There is an 'U'|'X'|'W'|'Z'|'-' in an arithmetic operand, and it has been converted to 0.
at 600 ns, Instance /hex_ascii_schem_hex_ascii_schem_sch_tb/UUT/XLXI_25/ : Warning: CONV_INTEGER: There is an 'U'|'X'|'W'|'Z'|'-' in an arithmetic operand, and it has been converted to 0.
at 610 ns, Instance /hex_ascii_schem_hex_ascii_schem_sch_tb/UUT/XLXI_25/ : Warning: CONV_INTEGER: There is an 'U'|'X'|'W'|'Z'|'-' in an arithmetic operand, and it has been converted to 0.
at 620 ns, Instance /hex_ascii_schem_hex_ascii_schem_sch_tb/UUT/XLXI_25/ : Warning: CONV_INTEGER: There is an 'U'|'X'|'W'|'Z'|'-' in an arithmetic operand, and it has been converted to 0.
at 630 ns, Instance /hex_ascii_schem_hex_ascii_schem_sch_tb/UUT/XLXI_25/ : Warning: CONV_INTEGER: There is an 'U'|'X'|'W'|'Z'|'-' in an arithmetic operand, and it has been converted to 0.
at 640 ns, Instance /hex_ascii_schem_hex_ascii_schem_sch_tb/UUT/XLXI_25/ : Warning: CONV_INTEGER: There is an 'U'|'X'|'W'|'Z'|'-' in an arithmetic operand, and it has been converted to 0.
at 650 ns, Instance /hex_ascii_schem_hex_ascii_schem_sch_tb/UUT/XLXI_25/ : Warning: CONV_INTEGER: There is an 'U'|'X'|'W'|'Z'|'-' in an arithmetic operand, and it has been converted to 0.
at 660 ns, Instance /hex_ascii_schem_hex_ascii_schem_sch_tb/UUT/XLXI_25/ : Warning: CONV_INTEGER: There is an 'U'|'X'|'W'|'Z'|'-' in an arithmetic operand, and it has been converted to 0.
at 670 ns, Instance /hex_ascii_schem_hex_ascii_schem_sch_tb/UUT/XLXI_25/ : Warning: CONV_INTEGER: There is an 'U'|'X'|'W'|'Z'|'-' in an arithmetic operand, and it has been converted to 0.
at 680 ns, Instance /hex_ascii_schem_hex_ascii_schem_sch_tb/UUT/XLXI_25/ : Warning: CONV_INTEGER: There is an 'U'|'X'|'W'|'Z'|'-' in an arithmetic operand, and it has been converted to 0.
at 690 ns, Instance /hex_ascii_schem_hex_ascii_schem_sch_tb/UUT/XLXI_25/ : Warning: CONV_INTEGER: There is an 'U'|'X'|'W'|'Z'|'-' in an arithmetic operand, and it has been converted to 0.
at 700 ns, Instance /hex_ascii_schem_hex_ascii_schem_sch_tb/UUT/XLXI_25/ : Warning: CONV_INTEGER: There is an 'U'|'X'|'W'|'Z'|'-' in an arithmetic operand, and it has been converted to 0.
at 710 ns, Instance /hex_ascii_schem_hex_ascii_schem_sch_tb/UUT/XLXI_25/ : Warning: CONV_INTEGER: There is an 'U'|'X'|'W'|'Z'|'-' in an arithmetic operand, and it has been converted to 0.
at 720 ns, Instance /hex_ascii_schem_hex_ascii_schem_sch_tb/UUT/XLXI_25/ : Warning: CONV_INTEGER: There is an 'U'|'X'|'W'|'Z'|'-' in an arithmetic operand, and it has been converted to 0.
at 730 ns, Instance /hex_ascii_schem_hex_ascii_schem_sch_tb/UUT/XLXI_25/ : Warning: CONV_INTEGER: There is an 'U'|'X'|'W'|'Z'|'-' in an arithmetic operand, and it has been converted to 0.
at 740 ns, Instance /hex_ascii_schem_hex_ascii_schem_sch_tb/UUT/XLXI_25/ : Warning: CONV_INTEGER: There is an 'U'|'X'|'W'|'Z'|'-' in an arithmetic operand, and it has been converted to 0.
at 750 ns, Instance /hex_ascii_schem_hex_ascii_schem_sch_tb/UUT/XLXI_25/ : Warning: CONV_INTEGER: There is an 'U'|'X'|'W'|'Z'|'-' in an arithmetic operand, and it has been converted to 0.
at 760 ns, Instance /hex_ascii_schem_hex_ascii_schem_sch_tb/UUT/XLXI_25/ : Warning: CONV_INTEGER: There is an 'U'|'X'|'W'|'Z'|'-' in an arithmetic operand, and it has been converted to 0.
at 770 ns, Instance /hex_ascii_schem_hex_ascii_schem_sch_tb/UUT/XLXI_25/ : Warning: CONV_INTEGER: There is an 'U'|'X'|'W'|'Z'|'-' in an arithmetic operand, and it has been converted to 0.
at 780 ns, Instance /hex_ascii_schem_hex_ascii_schem_sch_tb/UUT/XLXI_25/ : Warning: CONV_INTEGER: There is an 'U'|'X'|'W'|'Z'|'-' in an arithmetic operand, and it has been converted to 0.
at 790 ns, Instance /hex_ascii_schem_hex_ascii_schem_sch_tb/UUT/XLXI_25/ : Warning: CONV_INTEGER: There is an 'U'|'X'|'W'|'Z'|'-' in an arithmetic operand, and it has been converted to 0.
at 800 ns, Instance /hex_ascii_schem_hex_ascii_schem_sch_tb/UUT/XLXI_25/ : Warning: CONV_INTEGER: There is an 'U'|'X'|'W'|'Z'|'-' in an arithmetic operand, and it has been converted to 0.
at 810 ns, Instance /hex_ascii_schem_hex_ascii_schem_sch_tb/UUT/XLXI_25/ : Warning: CONV_INTEGER: There is an 'U'|'X'|'W'|'Z'|'-' in an arithmetic operand, and it has been converted to 0.
at 820 ns, Instance /hex_ascii_schem_hex_ascii_schem_sch_tb/UUT/XLXI_25/ : Warning: CONV_INTEGER: There is an 'U'|'X'|'W'|'Z'|'-' in an arithmetic operand, and it has been converted to 0.
at 830 ns, Instance /hex_ascii_schem_hex_ascii_schem_sch_tb/UUT/XLXI_25/ : Warning: CONV_INTEGER: There is an 'U'|'X'|'W'|'Z'|'-' in an arithmetic operand, and it has been converted to 0.
at 840 ns, Instance /hex_ascii_schem_hex_ascii_schem_sch_tb/UUT/XLXI_25/ : Warning: CONV_INTEGER: There is an 'U'|'X'|'W'|'Z'|'-' in an arithmetic operand, and it has been converted to 0.
at 850 ns, Instance /hex_ascii_schem_hex_ascii_schem_sch_tb/UUT/XLXI_25/ : Warning: CONV_INTEGER: There is an 'U'|'X'|'W'|'Z'|'-' in an arithmetic operand, and it has been converted to 0.
at 860 ns, Instance /hex_ascii_schem_hex_ascii_schem_sch_tb/UUT/XLXI_25/ : Warning: CONV_INTEGER: There is an 'U'|'X'|'W'|'Z'|'-' in an arithmetic operand, and it has been converted to 0.
at 870 ns, Instance /hex_ascii_schem_hex_ascii_schem_sch_tb/UUT/XLXI_25/ : Warning: CONV_INTEGER: There is an 'U'|'X'|'W'|'Z'|'-' in an arithmetic operand, and it has been converted to 0.
at 880 ns, Instance /hex_ascii_schem_hex_ascii_schem_sch_tb/UUT/XLXI_25/ : Warning: CONV_INTEGER: There is an 'U'|'X'|'W'|'Z'|'-' in an arithmetic operand, and it has been converted to 0.
at 890 ns, Instance /hex_ascii_schem_hex_ascii_schem_sch_tb/UUT/XLXI_25/ : Warning: CONV_INTEGER: There is an 'U'|'X'|'W'|'Z'|'-' in an arithmetic operand, and it has been converted to 0.
at 900 ns, Instance /hex_ascii_schem_hex_ascii_schem_sch_tb/UUT/XLXI_25/ : Warning: CONV_INTEGER: There is an 'U'|'X'|'W'|'Z'|'-' in an arithmetic operand, and it has been converted to 0.
at 910 ns, Instance /hex_ascii_schem_hex_ascii_schem_sch_tb/UUT/XLXI_25/ : Warning: CONV_INTEGER: There is an 'U'|'X'|'W'|'Z'|'-' in an arithmetic operand, and it has been converted to 0.
at 920 ns, Instance /hex_ascii_schem_hex_ascii_schem_sch_tb/UUT/XLXI_25/ : Warning: CONV_INTEGER: There is an 'U'|'X'|'W'|'Z'|'-' in an arithmetic operand, and it has been converted to 0.
at 930 ns, Instance /hex_ascii_schem_hex_ascii_schem_sch_tb/UUT/XLXI_25/ : Warning: CONV_INTEGER: There is an 'U'|'X'|'W'|'Z'|'-' in an arithmetic operand, and it has been converted to 0.
at 940 ns, Instance /hex_ascii_schem_hex_ascii_schem_sch_tb/UUT/XLXI_25/ : Warning: CONV_INTEGER: There is an 'U'|'X'|'W'|'Z'|'-' in an arithmetic operand, and it has been converted to 0.
at 950 ns, Instance /hex_ascii_schem_hex_ascii_schem_sch_tb/UUT/XLXI_25/ : Warning: CONV_INTEGER: There is an 'U'|'X'|'W'|'Z'|'-' in an arithmetic operand, and it has been converted to 0.
at 960 ns, Instance /hex_ascii_schem_hex_ascii_schem_sch_tb/UUT/XLXI_25/ : Warning: CONV_INTEGER: There is an 'U'|'X'|'W'|'Z'|'-' in an arithmetic operand, and it has been converted to 0.
at 970 ns, Instance /hex_ascii_schem_hex_ascii_schem_sch_tb/UUT/XLXI_25/ : Warning: CONV_INTEGER: There is an 'U'|'X'|'W'|'Z'|'-' in an arithmetic operand, and it has been converted to 0.
at 980 ns, Instance /hex_ascii_schem_hex_ascii_schem_sch_tb/UUT/XLXI_25/ : Warning: CONV_INTEGER: There is an 'U'|'X'|'W'|'Z'|'-' in an arithmetic operand, and it has been converted to 0.
at 990 ns, Instance /hex_ascii_schem_hex_ascii_schem_sch_tb/UUT/XLXI_25/ : Warning: CONV_INTEGER: There is an 'U'|'X'|'W'|'Z'|'-' in an arithmetic operand, and it has been converted to 0.
at 1 us, Instance /hex_ascii_schem_hex_ascii_schem_sch_tb/UUT/XLXI_25/ : Warning: CONV_INTEGER: There is an 'U'|'X'|'W'|'Z'|'-' in an arithmetic operand, and it has been converted to 0.
