Running: D:\14.7\ISE_DS\ISE\bin\nt64\unwrapped\fuse.exe -intstyle ise -incremental -lib secureip -o C:/Users/huawei/Desktop/funkcja_1/fk_1_isim_beh.exe -prj C:/Users/huawei/Desktop/funkcja_1/fk_1_beh.prj work.fk_1 
ISim P.20131013 (signature 0x7708f090)
Number of CPUs detected in this system: 8
Turning on mult-threading, number of parallel sub-compilation jobs: 16 
Determining compilation order of HDL files
Parsing VHDL file "C:/Users/huawei/Desktop/funkcja_1/fk_1.vhf" into library work
Starting static elaboration
Completed static elaboration
Compiling package standard
Compiling package std_logic_1164
Compiling package numeric_std
Compiling package vcomponents
Compiling architecture and2b1_v of entity AND2B1 [and2b1_default]
Compiling architecture and2_v of entity AND2 [and2_default]
Compiling architecture and3b3_v of entity AND3B3 [and3b3_default]
Compiling architecture or4_v of entity OR4 [or4_default]
Compiling architecture behavioral of entity fk_1
Time Resolution for simulation is 1ps.
Waiting for 1 sub-compilation(s) to finish...
WARNING:Simulator - Unable to copy libPortabilityNOSH.dll to the simulation executable directory: boost::filesystem::copy_file: System nie mo¿e odnale æ okre lonej  cie¿ki, "isim\fk_1_isim_beh.exe.sim\libPortability.dll".
Compiled 13 VHDL Units
Built simulation executable C:/Users/huawei/Desktop/funkcja_1/fk_1_isim_beh.exe
Fuse Memory Usage: 50488 KB
Fuse CPU Usage: 561 ms
