Command line:
   Licznik_vhdlModule_isim_beh.exe
     -simmode  gui
     -simrunnum  0
     -socket  59839

Sun Jan 10 11:30:29 2021


 Elaboration Time: 0.046875 sec

 Current Memory Usage: 4678.5 Meg

 Total Signals          : 11
 Total Nets             : 32
 Total Signal Drivers   : 4
 Total Blocks           : 4
 Total Primitive Blocks : 4
 Total Processes        : 2
 Total Traceable Variables  : 13
 Total Scalar Nets and Variables : 515
Total Line Count : 20

 Total Simulation Time: 0.09375 sec

 Current Memory Usage: 4678.5 Meg

Sun Jan 10 11:30:35 2021

