Running: D:\Xilinx\14.7\ISE_DS\ISE\bin\nt64\unwrapped\fuse.exe -intstyle ise -incremental -lib secureip -o D:/STUDIA/V semestr/UCISW/Lab_7/licznik_8bitowy/Licznik8Bit_TestBench_isim_beh.exe -prj D:/STUDIA/V semestr/UCISW/Lab_7/licznik_8bitowy/Licznik8Bit_TestBench_beh.prj work.Licznik8Bit_TestBench 
ISim P.20131013 (signature 0x7708f090)
Number of CPUs detected in this system: 8
Turning on mult-threading, number of parallel sub-compilation jobs: 16 
Determining compilation order of HDL files
Parsing VHDL file "D:/STUDIA/V semestr/UCISW/Lab_7/licznik_8bitowy/Licznik_vhdlModule.vhd" into library work
Parsing VHDL file "D:/STUDIA/V semestr/UCISW/Lab_7/licznik_8bitowy/Licznik8Bit_TestBench.vhd" into library work
Starting static elaboration
Completed static elaboration
Compiling package standard
Compiling package std_logic_1164
Compiling package numeric_std
Compiling package textio
Compiling architecture behavioral of entity Licznik_vhdlModule [licznik_vhdlmodule_default]
Compiling architecture behavior of entity licznik8bit_testbench
Time Resolution for simulation is 1ps.
Waiting for 1 sub-compilation(s) to finish...
Compiled 7 VHDL Units
Built simulation executable D:/STUDIA/V semestr/UCISW/Lab_7/licznik_8bitowy/Licznik8Bit_TestBench_isim_beh.exe
Fuse Memory Usage: 36348 KB
Fuse CPU Usage: 499 ms
