Command line:
   fk_1_fk_1_sch_tb_isim_beh.exe
     -simmode  gui
     -simrunnum  0
     -socket  52045

Tue Oct 13 10:54:43 2020


 Elaboration Time: 0.0625 sec

 Current Memory Usage: 4678.36 Meg

 Total Signals          : 57
 Total Nets             : 34
 Total Signal Drivers   : 9
 Total Blocks           : 10
 Total Primitive Blocks : 8
 Total Processes        : 9
 Total Traceable Variables  : 13
 Total Scalar Nets and Variables : 517
Total Line Count : 9

 Total Simulation Time: 0.125 sec

 Current Memory Usage: 4992.93 Meg

Tue Oct 13 10:56:09 2020

