Command line:
   tk_tk_sch_tb_isim_beh.exe
     -simmode  gui
     -simrunnum  0
     -socket  54751

Fri Oct 23 15:25:43 2020


 Elaboration Time: 0.03125 sec

 Current Memory Usage: 4679.05 Meg

 Total Signals          : 84
 Total Nets             : 40
 Total Signal Drivers   : 15
 Total Blocks           : 16
 Total Primitive Blocks : 14
 Total Processes        : 15
 Total Traceable Variables  : 13
 Total Scalar Nets and Variables : 523
Total Line Count : 15

 Total Simulation Time: 0.1875 sec

 Current Memory Usage: 4993.62 Meg

Fri Oct 23 15:30:12 2020

