Running: D:\Xilinx\14.7\ISE_DS\ISE\bin\nt64\unwrapped\fuse.exe -intstyle ise -incremental -lib secureip -o D:/Xilinx_programy/test_project/schemat1_schemat1_sch_tb_isim_beh.exe -prj D:/Xilinx_programy/test_project/schemat1_schemat1_sch_tb_beh.prj work.schemat1_schemat1_sch_tb 
ISim P.20131013 (signature 0x7708f090)
Number of CPUs detected in this system: 8
Turning on mult-threading, number of parallel sub-compilation jobs: 16 
Determining compilation order of HDL files
Parsing VHDL file "D:/Xilinx_programy/test_project/schemat1.vhf" into library work
Parsing VHDL file "D:/Xilinx_programy/test_project/test.vhd" into library work
Starting static elaboration
Completed static elaboration
Compiling package standard
Compiling package std_logic_1164
Compiling package numeric_std
Compiling package vcomponents
Compiling architecture and2_v of entity AND2 [and2_default]
Compiling architecture behavioral of entity schemat1 [schemat1_default]
Compiling architecture behavioral of entity schemat1_schemat1_sch_tb
Time Resolution for simulation is 1ps.
Compiled 9 VHDL Units
Built simulation executable D:/Xilinx_programy/test_project/schemat1_schemat1_sch_tb_isim_beh.exe
Fuse Memory Usage: 51460 KB
Fuse CPU Usage: 749 ms
