Running: D:\Xilinx\14.7\ISE_DS\ISE\bin\nt64\unwrapped\fuse.exe -intstyle ise -incremental -lib secureip -o D:/Xilinx_programy/dwaZczterech/dwaZ4_schemat_dwaZ4_schemat_sch_tb_isim_beh.exe -prj D:/Xilinx_programy/dwaZczterech/dwaZ4_schemat_dwaZ4_schemat_sch_tb_beh.prj work.dwaZ4_schemat_dwaZ4_schemat_sch_tb 
ISim P.20131013 (signature 0x7708f090)
Number of CPUs detected in this system: 8
Turning on mult-threading, number of parallel sub-compilation jobs: 16 
Determining compilation order of HDL files
Parsing VHDL file "D:/Xilinx_programy/dwaZczterech/dwaZ4_schemat.vhf" into library work
Parsing VHDL file "D:/Xilinx_programy/dwaZczterech/dwacztery_testowanie.vhd" into library work
Starting static elaboration
Completed static elaboration
Compiling package standard
Compiling package std_logic_1164
Compiling package numeric_std
Compiling package vcomponents
Compiling package std_logic_arith
Compiling package std_logic_unsigned
Compiling architecture compm2_hxilinx_dwaz4_schemat_v of entity COMPM2_HXILINX_dwaZ4_schemat [compm2_hxilinx_dwaz4_schemat_def...]
Compiling architecture and2b2_v of entity AND2B2 [and2b2_default]
Compiling architecture or2_v of entity OR2 [or2_default]
Compiling architecture behavioral of entity dwaZ4_schemat [dwaz4_schemat_default]
Compiling architecture behavioral of entity dwaz4_schemat_dwaz4_schemat_sch_...
Time Resolution for simulation is 1ps.
Waiting for 1 sub-compilation(s) to finish...
Compiled 15 VHDL Units
Built simulation executable D:/Xilinx_programy/dwaZczterech/dwaZ4_schemat_dwaZ4_schemat_sch_tb_isim_beh.exe
Fuse Memory Usage: 51864 KB
Fuse CPU Usage: 671 ms
